2025-05-24 07:37:32,162 - INFO - Starting Flask application
2025-05-24 07:37:32,180 - WARNING -  * Debugger is active!
2025-05-24 07:37:32,181 - INFO -  * Debugger PIN: 940-980-902
2025-05-24 07:37:32,187 - INFO - Received image upload request
2025-05-24 07:37:32,188 - INFO - Received image upload request
2025-05-24 07:37:32,189 - INFO - Received image upload request
2025-05-24 07:37:32,190 - INFO - Successfully decoded base64 image
2025-05-24 07:37:32,190 - INFO - Successfully decoded base64 image
2025-05-24 07:37:32,191 - INFO - Received image upload request
2025-05-24 07:37:32,192 - INFO - Successfully decoded base64 image
2025-05-24 07:37:32,193 - INFO - Sending image to OCR endpoint
2025-05-24 07:37:32,195 - INFO - Sending image to OCR endpoint
2025-05-24 07:37:32,196 - INFO - Received image upload request
2025-05-24 07:37:32,198 - INFO - Received image upload request
2025-05-24 07:37:32,200 - INFO - Received image upload request
2025-05-24 07:37:32,201 - INFO - Sending image to OCR endpoint
2025-05-24 07:37:32,202 - INFO - Successfully decoded base64 image
2025-05-24 07:37:32,207 - INFO - Successfully decoded base64 image
2025-05-24 07:37:32,208 - INFO - Successfully decoded base64 image
2025-05-24 07:37:32,212 - INFO - Successfully decoded base64 image
2025-05-24 07:37:32,213 - INFO - Sending image to OCR endpoint
2025-05-24 07:37:32,217 - INFO - Sending image to OCR endpoint
2025-05-24 07:37:32,217 - INFO - Sending image to OCR endpoint
2025-05-24 07:37:32,218 - INFO - Sending image to OCR endpoint
2025-05-24 07:38:07,316 - INFO - Homepage accessed
2025-05-24 07:38:07,322 - INFO - 127.0.0.1 - - [24/May/2025 07:38:07] "GET / HTTP/1.1" 200 -
2025-05-24 07:38:07,523 - INFO - 127.0.0.1 - - [24/May/2025 07:38:07] "GET /static/style.css HTTP/1.1" 200 -
2025-05-24 07:38:07,524 - INFO - 127.0.0.1 - - [24/May/2025 07:38:07] "GET /static/script.js HTTP/1.1" 200 -
2025-05-24 07:38:07,707 - INFO - 127.0.0.1 - - [24/May/2025 07:38:07] "[33mGET /favicon.ico HTTP/1.1[0m" 404 -
2025-05-24 07:38:22,168 - INFO - Received image upload request
2025-05-24 07:38:22,170 - INFO - Successfully decoded base64 image
2025-05-24 07:38:22,170 - INFO - Sending image to OCR endpoint
2025-05-24 07:39:47,982 - ERROR - Error processing request: HTTPConnectionPool(host='35.255.50.125', port=8000): Max retries exceeded with url: /upload_image/ (Caused by ConnectTimeoutError(<urllib3.connection.HTTPConnection object at 0x7b498df00310>, 'Connection to 35.255.50.125 timed out. (connect timeout=None)'))
Traceback (most recent call last):
  File "/media/reaper/New Volume/Cheating_App/cheating-app-frontend-flask/.venv/lib/python3.10/site-packages/urllib3/connection.py", line 198, in _new_conn
    sock = connection.create_connection(
  File "/media/reaper/New Volume/Cheating_App/cheating-app-frontend-flask/.venv/lib/python3.10/site-packages/urllib3/util/connection.py", line 85, in create_connection
    raise err
  File "/media/reaper/New Volume/Cheating_App/cheating-app-frontend-flask/.venv/lib/python3.10/site-packages/urllib3/util/connection.py", line 73, in create_connection
    sock.connect(sa)
TimeoutError: [Errno 110] Connection timed out

The above exception was the direct cause of the following exception:

Traceback (most recent call last):
  File "/media/reaper/New Volume/Cheating_App/cheating-app-frontend-flask/.venv/lib/python3.10/site-packages/urllib3/connectionpool.py", line 787, in urlopen
    response = self._make_request(
  File "/media/reaper/New Volume/Cheating_App/cheating-app-frontend-flask/.venv/lib/python3.10/site-packages/urllib3/connectionpool.py", line 493, in _make_request
    conn.request(
  File "/media/reaper/New Volume/Cheating_App/cheating-app-frontend-flask/.venv/lib/python3.10/site-packages/urllib3/connection.py", line 445, in request
    self.endheaders()
  File "/usr/lib/python3.10/http/client.py", line 1278, in endheaders
    self._send_output(message_body, encode_chunked=encode_chunked)
  File "/usr/lib/python3.10/http/client.py", line 1038, in _send_output
    self.send(msg)
  File "/usr/lib/python3.10/http/client.py", line 976, in send
    self.connect()
  File "/media/reaper/New Volume/Cheating_App/cheating-app-frontend-flask/.venv/lib/python3.10/site-packages/urllib3/connection.py", line 276, in connect
    self.sock = self._new_conn()
  File "/media/reaper/New Volume/Cheating_App/cheating-app-frontend-flask/.venv/lib/python3.10/site-packages/urllib3/connection.py", line 207, in _new_conn
    raise ConnectTimeoutError(
urllib3.exceptions.ConnectTimeoutError: (<urllib3.connection.HTTPConnection object at 0x7b498df00310>, 'Connection to 35.255.50.125 timed out. (connect timeout=None)')

The above exception was the direct cause of the following exception:

Traceback (most recent call last):
  File "/media/reaper/New Volume/Cheating_App/cheating-app-frontend-flask/.venv/lib/python3.10/site-packages/requests/adapters.py", line 486, in send
    resp = conn.urlopen(
  File "/media/reaper/New Volume/Cheating_App/cheating-app-frontend-flask/.venv/lib/python3.10/site-packages/urllib3/connectionpool.py", line 841, in urlopen
    retries = retries.increment(
  File "/media/reaper/New Volume/Cheating_App/cheating-app-frontend-flask/.venv/lib/python3.10/site-packages/urllib3/util/retry.py", line 519, in increment
    raise MaxRetryError(_pool, url, reason) from reason  # type: ignore[arg-type]
urllib3.exceptions.MaxRetryError: HTTPConnectionPool(host='35.255.50.125', port=8000): Max retries exceeded with url: /upload_image/ (Caused by ConnectTimeoutError(<urllib3.connection.HTTPConnection object at 0x7b498df00310>, 'Connection to 35.255.50.125 timed out. (connect timeout=None)'))

During handling of the above exception, another exception occurred:

Traceback (most recent call last):
  File "/media/reaper/New Volume/Cheating_App/cheating-app-frontend-flask/app.py", line 52, in upload_image
    ocr_response = requests.post(f"{API_BASE_URL}/upload_image/", files=files)
  File "/media/reaper/New Volume/Cheating_App/cheating-app-frontend-flask/.venv/lib/python3.10/site-packages/requests/api.py", line 115, in post
    return request("post", url, data=data, json=json, **kwargs)
  File "/media/reaper/New Volume/Cheating_App/cheating-app-frontend-flask/.venv/lib/python3.10/site-packages/requests/api.py", line 59, in request
    return session.request(method=method, url=url, **kwargs)
  File "/media/reaper/New Volume/Cheating_App/cheating-app-frontend-flask/.venv/lib/python3.10/site-packages/requests/sessions.py", line 589, in request
    resp = self.send(prep, **send_kwargs)
  File "/media/reaper/New Volume/Cheating_App/cheating-app-frontend-flask/.venv/lib/python3.10/site-packages/requests/sessions.py", line 703, in send
    r = adapter.send(request, **kwargs)
  File "/media/reaper/New Volume/Cheating_App/cheating-app-frontend-flask/.venv/lib/python3.10/site-packages/requests/adapters.py", line 507, in send
    raise ConnectTimeout(e, request=request)
requests.exceptions.ConnectTimeout: HTTPConnectionPool(host='35.255.50.125', port=8000): Max retries exceeded with url: /upload_image/ (Caused by ConnectTimeoutError(<urllib3.connection.HTTPConnection object at 0x7b498df00310>, 'Connection to 35.255.50.125 timed out. (connect timeout=None)'))
2025-05-24 07:39:47,983 - ERROR - Error processing request: HTTPConnectionPool(host='35.255.50.125', port=8000): Max retries exceeded with url: /upload_image/ (Caused by ConnectTimeoutError(<urllib3.connection.HTTPConnection object at 0x7b499e1d3070>, 'Connection to 35.255.50.125 timed out. (connect timeout=None)'))
Traceback (most recent call last):
  File "/media/reaper/New Volume/Cheating_App/cheating-app-frontend-flask/.venv/lib/python3.10/site-packages/urllib3/connection.py", line 198, in _new_conn
    sock = connection.create_connection(
  File "/media/reaper/New Volume/Cheating_App/cheating-app-frontend-flask/.venv/lib/python3.10/site-packages/urllib3/util/connection.py", line 85, in create_connection
    raise err
  File "/media/reaper/New Volume/Cheating_App/cheating-app-frontend-flask/.venv/lib/python3.10/site-packages/urllib3/util/connection.py", line 73, in create_connection
    sock.connect(sa)
TimeoutError: [Errno 110] Connection timed out

The above exception was the direct cause of the following exception:

Traceback (most recent call last):
  File "/media/reaper/New Volume/Cheating_App/cheating-app-frontend-flask/.venv/lib/python3.10/site-packages/urllib3/connectionpool.py", line 787, in urlopen
    response = self._make_request(
  File "/media/reaper/New Volume/Cheating_App/cheating-app-frontend-flask/.venv/lib/python3.10/site-packages/urllib3/connectionpool.py", line 493, in _make_request
    conn.request(
  File "/media/reaper/New Volume/Cheating_App/cheating-app-frontend-flask/.venv/lib/python3.10/site-packages/urllib3/connection.py", line 445, in request
    self.endheaders()
  File "/usr/lib/python3.10/http/client.py", line 1278, in endheaders
    self._send_output(message_body, encode_chunked=encode_chunked)
  File "/usr/lib/python3.10/http/client.py", line 1038, in _send_output
    self.send(msg)
  File "/usr/lib/python3.10/http/client.py", line 976, in send
    self.connect()
  File "/media/reaper/New Volume/Cheating_App/cheating-app-frontend-flask/.venv/lib/python3.10/site-packages/urllib3/connection.py", line 276, in connect
    self.sock = self._new_conn()
  File "/media/reaper/New Volume/Cheating_App/cheating-app-frontend-flask/.venv/lib/python3.10/site-packages/urllib3/connection.py", line 207, in _new_conn
    raise ConnectTimeoutError(
urllib3.exceptions.ConnectTimeoutError: (<urllib3.connection.HTTPConnection object at 0x7b499e1d3070>, 'Connection to 35.255.50.125 timed out. (connect timeout=None)')

The above exception was the direct cause of the following exception:

Traceback (most recent call last):
  File "/media/reaper/New Volume/Cheating_App/cheating-app-frontend-flask/.venv/lib/python3.10/site-packages/requests/adapters.py", line 486, in send
    resp = conn.urlopen(
  File "/media/reaper/New Volume/Cheating_App/cheating-app-frontend-flask/.venv/lib/python3.10/site-packages/urllib3/connectionpool.py", line 841, in urlopen
    retries = retries.increment(
  File "/media/reaper/New Volume/Cheating_App/cheating-app-frontend-flask/.venv/lib/python3.10/site-packages/urllib3/util/retry.py", line 519, in increment
    raise MaxRetryError(_pool, url, reason) from reason  # type: ignore[arg-type]
urllib3.exceptions.MaxRetryError: HTTPConnectionPool(host='35.255.50.125', port=8000): Max retries exceeded with url: /upload_image/ (Caused by ConnectTimeoutError(<urllib3.connection.HTTPConnection object at 0x7b499e1d3070>, 'Connection to 35.255.50.125 timed out. (connect timeout=None)'))

During handling of the above exception, another exception occurred:

Traceback (most recent call last):
  File "/media/reaper/New Volume/Cheating_App/cheating-app-frontend-flask/app.py", line 52, in upload_image
    ocr_response = requests.post(f"{API_BASE_URL}/upload_image/", files=files)
  File "/media/reaper/New Volume/Cheating_App/cheating-app-frontend-flask/.venv/lib/python3.10/site-packages/requests/api.py", line 115, in post
    return request("post", url, data=data, json=json, **kwargs)
  File "/media/reaper/New Volume/Cheating_App/cheating-app-frontend-flask/.venv/lib/python3.10/site-packages/requests/api.py", line 59, in request
    return session.request(method=method, url=url, **kwargs)
  File "/media/reaper/New Volume/Cheating_App/cheating-app-frontend-flask/.venv/lib/python3.10/site-packages/requests/sessions.py", line 589, in request
    resp = self.send(prep, **send_kwargs)
  File "/media/reaper/New Volume/Cheating_App/cheating-app-frontend-flask/.venv/lib/python3.10/site-packages/requests/sessions.py", line 703, in send
    r = adapter.send(request, **kwargs)
  File "/media/reaper/New Volume/Cheating_App/cheating-app-frontend-flask/.venv/lib/python3.10/site-packages/requests/adapters.py", line 507, in send
    raise ConnectTimeout(e, request=request)
requests.exceptions.ConnectTimeout: HTTPConnectionPool(host='35.255.50.125', port=8000): Max retries exceeded with url: /upload_image/ (Caused by ConnectTimeoutError(<urllib3.connection.HTTPConnection object at 0x7b499e1d3070>, 'Connection to 35.255.50.125 timed out. (connect timeout=None)'))
2025-05-24 07:39:47,984 - ERROR - Error processing request: HTTPConnectionPool(host='35.255.50.125', port=8000): Max retries exceeded with url: /upload_image/ (Caused by ConnectTimeoutError(<urllib3.connection.HTTPConnection object at 0x7b499e1d1e70>, 'Connection to 35.255.50.125 timed out. (connect timeout=None)'))
Traceback (most recent call last):
  File "/media/reaper/New Volume/Cheating_App/cheating-app-frontend-flask/.venv/lib/python3.10/site-packages/urllib3/connection.py", line 198, in _new_conn
    sock = connection.create_connection(
  File "/media/reaper/New Volume/Cheating_App/cheating-app-frontend-flask/.venv/lib/python3.10/site-packages/urllib3/util/connection.py", line 85, in create_connection
    raise err
  File "/media/reaper/New Volume/Cheating_App/cheating-app-frontend-flask/.venv/lib/python3.10/site-packages/urllib3/util/connection.py", line 73, in create_connection
    sock.connect(sa)
TimeoutError: [Errno 110] Connection timed out

The above exception was the direct cause of the following exception:

Traceback (most recent call last):
  File "/media/reaper/New Volume/Cheating_App/cheating-app-frontend-flask/.venv/lib/python3.10/site-packages/urllib3/connectionpool.py", line 787, in urlopen
    response = self._make_request(
  File "/media/reaper/New Volume/Cheating_App/cheating-app-frontend-flask/.venv/lib/python3.10/site-packages/urllib3/connectionpool.py", line 493, in _make_request
    conn.request(
  File "/media/reaper/New Volume/Cheating_App/cheating-app-frontend-flask/.venv/lib/python3.10/site-packages/urllib3/connection.py", line 445, in request
    self.endheaders()
  File "/usr/lib/python3.10/http/client.py", line 1278, in endheaders
    self._send_output(message_body, encode_chunked=encode_chunked)
  File "/usr/lib/python3.10/http/client.py", line 1038, in _send_output
    self.send(msg)
  File "/usr/lib/python3.10/http/client.py", line 976, in send
    self.connect()
  File "/media/reaper/New Volume/Cheating_App/cheating-app-frontend-flask/.venv/lib/python3.10/site-packages/urllib3/connection.py", line 276, in connect
    self.sock = self._new_conn()
  File "/media/reaper/New Volume/Cheating_App/cheating-app-frontend-flask/.venv/lib/python3.10/site-packages/urllib3/connection.py", line 207, in _new_conn
    raise ConnectTimeoutError(
urllib3.exceptions.ConnectTimeoutError: (<urllib3.connection.HTTPConnection object at 0x7b499e1d1e70>, 'Connection to 35.255.50.125 timed out. (connect timeout=None)')

The above exception was the direct cause of the following exception:

Traceback (most recent call last):
  File "/media/reaper/New Volume/Cheating_App/cheating-app-frontend-flask/.venv/lib/python3.10/site-packages/requests/adapters.py", line 486, in send
    resp = conn.urlopen(
  File "/media/reaper/New Volume/Cheating_App/cheating-app-frontend-flask/.venv/lib/python3.10/site-packages/urllib3/connectionpool.py", line 841, in urlopen
    retries = retries.increment(
  File "/media/reaper/New Volume/Cheating_App/cheating-app-frontend-flask/.venv/lib/python3.10/site-packages/urllib3/util/retry.py", line 519, in increment
    raise MaxRetryError(_pool, url, reason) from reason  # type: ignore[arg-type]
urllib3.exceptions.MaxRetryError: HTTPConnectionPool(host='35.255.50.125', port=8000): Max retries exceeded with url: /upload_image/ (Caused by ConnectTimeoutError(<urllib3.connection.HTTPConnection object at 0x7b499e1d1e70>, 'Connection to 35.255.50.125 timed out. (connect timeout=None)'))

During handling of the above exception, another exception occurred:

Traceback (most recent call last):
  File "/media/reaper/New Volume/Cheating_App/cheating-app-frontend-flask/app.py", line 52, in upload_image
    ocr_response = requests.post(f"{API_BASE_URL}/upload_image/", files=files)
  File "/media/reaper/New Volume/Cheating_App/cheating-app-frontend-flask/.venv/lib/python3.10/site-packages/requests/api.py", line 115, in post
    return request("post", url, data=data, json=json, **kwargs)
  File "/media/reaper/New Volume/Cheating_App/cheating-app-frontend-flask/.venv/lib/python3.10/site-packages/requests/api.py", line 59, in request
    return session.request(method=method, url=url, **kwargs)
  File "/media/reaper/New Volume/Cheating_App/cheating-app-frontend-flask/.venv/lib/python3.10/site-packages/requests/sessions.py", line 589, in request
    resp = self.send(prep, **send_kwargs)
  File "/media/reaper/New Volume/Cheating_App/cheating-app-frontend-flask/.venv/lib/python3.10/site-packages/requests/sessions.py", line 703, in send
    r = adapter.send(request, **kwargs)
  File "/media/reaper/New Volume/Cheating_App/cheating-app-frontend-flask/.venv/lib/python3.10/site-packages/requests/adapters.py", line 507, in send
    raise ConnectTimeout(e, request=request)
requests.exceptions.ConnectTimeout: HTTPConnectionPool(host='35.255.50.125', port=8000): Max retries exceeded with url: /upload_image/ (Caused by ConnectTimeoutError(<urllib3.connection.HTTPConnection object at 0x7b499e1d1e70>, 'Connection to 35.255.50.125 timed out. (connect timeout=None)'))
2025-05-24 07:39:47,985 - ERROR - Error processing request: HTTPConnectionPool(host='35.255.50.125', port=8000): Max retries exceeded with url: /upload_image/ (Caused by ConnectTimeoutError(<urllib3.connection.HTTPConnection object at 0x7b499e1d2740>, 'Connection to 35.255.50.125 timed out. (connect timeout=None)'))
Traceback (most recent call last):
  File "/media/reaper/New Volume/Cheating_App/cheating-app-frontend-flask/.venv/lib/python3.10/site-packages/urllib3/connection.py", line 198, in _new_conn
    sock = connection.create_connection(
  File "/media/reaper/New Volume/Cheating_App/cheating-app-frontend-flask/.venv/lib/python3.10/site-packages/urllib3/util/connection.py", line 85, in create_connection
    raise err
  File "/media/reaper/New Volume/Cheating_App/cheating-app-frontend-flask/.venv/lib/python3.10/site-packages/urllib3/util/connection.py", line 73, in create_connection
    sock.connect(sa)
TimeoutError: [Errno 110] Connection timed out

The above exception was the direct cause of the following exception:

Traceback (most recent call last):
  File "/media/reaper/New Volume/Cheating_App/cheating-app-frontend-flask/.venv/lib/python3.10/site-packages/urllib3/connectionpool.py", line 787, in urlopen
    response = self._make_request(
  File "/media/reaper/New Volume/Cheating_App/cheating-app-frontend-flask/.venv/lib/python3.10/site-packages/urllib3/connectionpool.py", line 493, in _make_request
    conn.request(
  File "/media/reaper/New Volume/Cheating_App/cheating-app-frontend-flask/.venv/lib/python3.10/site-packages/urllib3/connection.py", line 445, in request
    self.endheaders()
  File "/usr/lib/python3.10/http/client.py", line 1278, in endheaders
    self._send_output(message_body, encode_chunked=encode_chunked)
  File "/usr/lib/python3.10/http/client.py", line 1038, in _send_output
    self.send(msg)
  File "/usr/lib/python3.10/http/client.py", line 976, in send
    self.connect()
  File "/media/reaper/New Volume/Cheating_App/cheating-app-frontend-flask/.venv/lib/python3.10/site-packages/urllib3/connection.py", line 276, in connect
    self.sock = self._new_conn()
  File "/media/reaper/New Volume/Cheating_App/cheating-app-frontend-flask/.venv/lib/python3.10/site-packages/urllib3/connection.py", line 207, in _new_conn
    raise ConnectTimeoutError(
urllib3.exceptions.ConnectTimeoutError: (<urllib3.connection.HTTPConnection object at 0x7b499e1d2740>, 'Connection to 35.255.50.125 timed out. (connect timeout=None)')

The above exception was the direct cause of the following exception:

Traceback (most recent call last):
  File "/media/reaper/New Volume/Cheating_App/cheating-app-frontend-flask/.venv/lib/python3.10/site-packages/requests/adapters.py", line 486, in send
    resp = conn.urlopen(
  File "/media/reaper/New Volume/Cheating_App/cheating-app-frontend-flask/.venv/lib/python3.10/site-packages/urllib3/connectionpool.py", line 841, in urlopen
    retries = retries.increment(
  File "/media/reaper/New Volume/Cheating_App/cheating-app-frontend-flask/.venv/lib/python3.10/site-packages/urllib3/util/retry.py", line 519, in increment
    raise MaxRetryError(_pool, url, reason) from reason  # type: ignore[arg-type]
urllib3.exceptions.MaxRetryError: HTTPConnectionPool(host='35.255.50.125', port=8000): Max retries exceeded with url: /upload_image/ (Caused by ConnectTimeoutError(<urllib3.connection.HTTPConnection object at 0x7b499e1d2740>, 'Connection to 35.255.50.125 timed out. (connect timeout=None)'))

During handling of the above exception, another exception occurred:

Traceback (most recent call last):
  File "/media/reaper/New Volume/Cheating_App/cheating-app-frontend-flask/app.py", line 52, in upload_image
    ocr_response = requests.post(f"{API_BASE_URL}/upload_image/", files=files)
  File "/media/reaper/New Volume/Cheating_App/cheating-app-frontend-flask/.venv/lib/python3.10/site-packages/requests/api.py", line 115, in post
    return request("post", url, data=data, json=json, **kwargs)
  File "/media/reaper/New Volume/Cheating_App/cheating-app-frontend-flask/.venv/lib/python3.10/site-packages/requests/api.py", line 59, in request
    return session.request(method=method, url=url, **kwargs)
  File "/media/reaper/New Volume/Cheating_App/cheating-app-frontend-flask/.venv/lib/python3.10/site-packages/requests/sessions.py", line 589, in request
    resp = self.send(prep, **send_kwargs)
  File "/media/reaper/New Volume/Cheating_App/cheating-app-frontend-flask/.venv/lib/python3.10/site-packages/requests/sessions.py", line 703, in send
    r = adapter.send(request, **kwargs)
  File "/media/reaper/New Volume/Cheating_App/cheating-app-frontend-flask/.venv/lib/python3.10/site-packages/requests/adapters.py", line 507, in send
    raise ConnectTimeout(e, request=request)
requests.exceptions.ConnectTimeout: HTTPConnectionPool(host='35.255.50.125', port=8000): Max retries exceeded with url: /upload_image/ (Caused by ConnectTimeoutError(<urllib3.connection.HTTPConnection object at 0x7b499e1d2740>, 'Connection to 35.255.50.125 timed out. (connect timeout=None)'))
2025-05-24 07:39:47,986 - ERROR - Error processing request: HTTPConnectionPool(host='35.255.50.125', port=8000): Max retries exceeded with url: /upload_image/ (Caused by ConnectTimeoutError(<urllib3.connection.HTTPConnection object at 0x7b499e1d39a0>, 'Connection to 35.255.50.125 timed out. (connect timeout=None)'))
Traceback (most recent call last):
  File "/media/reaper/New Volume/Cheating_App/cheating-app-frontend-flask/.venv/lib/python3.10/site-packages/urllib3/connection.py", line 198, in _new_conn
    sock = connection.create_connection(
  File "/media/reaper/New Volume/Cheating_App/cheating-app-frontend-flask/.venv/lib/python3.10/site-packages/urllib3/util/connection.py", line 85, in create_connection
    raise err
  File "/media/reaper/New Volume/Cheating_App/cheating-app-frontend-flask/.venv/lib/python3.10/site-packages/urllib3/util/connection.py", line 73, in create_connection
    sock.connect(sa)
TimeoutError: [Errno 110] Connection timed out

The above exception was the direct cause of the following exception:

Traceback (most recent call last):
  File "/media/reaper/New Volume/Cheating_App/cheating-app-frontend-flask/.venv/lib/python3.10/site-packages/urllib3/connectionpool.py", line 787, in urlopen
    response = self._make_request(
  File "/media/reaper/New Volume/Cheating_App/cheating-app-frontend-flask/.venv/lib/python3.10/site-packages/urllib3/connectionpool.py", line 493, in _make_request
    conn.request(
  File "/media/reaper/New Volume/Cheating_App/cheating-app-frontend-flask/.venv/lib/python3.10/site-packages/urllib3/connection.py", line 445, in request
    self.endheaders()
  File "/usr/lib/python3.10/http/client.py", line 1278, in endheaders
    self._send_output(message_body, encode_chunked=encode_chunked)
  File "/usr/lib/python3.10/http/client.py", line 1038, in _send_output
    self.send(msg)
  File "/usr/lib/python3.10/http/client.py", line 976, in send
    self.connect()
  File "/media/reaper/New Volume/Cheating_App/cheating-app-frontend-flask/.venv/lib/python3.10/site-packages/urllib3/connection.py", line 276, in connect
    self.sock = self._new_conn()
  File "/media/reaper/New Volume/Cheating_App/cheating-app-frontend-flask/.venv/lib/python3.10/site-packages/urllib3/connection.py", line 207, in _new_conn
    raise ConnectTimeoutError(
urllib3.exceptions.ConnectTimeoutError: (<urllib3.connection.HTTPConnection object at 0x7b499e1d39a0>, 'Connection to 35.255.50.125 timed out. (connect timeout=None)')

The above exception was the direct cause of the following exception:

Traceback (most recent call last):
  File "/media/reaper/New Volume/Cheating_App/cheating-app-frontend-flask/.venv/lib/python3.10/site-packages/requests/adapters.py", line 486, in send
    resp = conn.urlopen(
  File "/media/reaper/New Volume/Cheating_App/cheating-app-frontend-flask/.venv/lib/python3.10/site-packages/urllib3/connectionpool.py", line 841, in urlopen
    retries = retries.increment(
  File "/media/reaper/New Volume/Cheating_App/cheating-app-frontend-flask/.venv/lib/python3.10/site-packages/urllib3/util/retry.py", line 519, in increment
    raise MaxRetryError(_pool, url, reason) from reason  # type: ignore[arg-type]
urllib3.exceptions.MaxRetryError: HTTPConnectionPool(host='35.255.50.125', port=8000): Max retries exceeded with url: /upload_image/ (Caused by ConnectTimeoutError(<urllib3.connection.HTTPConnection object at 0x7b499e1d39a0>, 'Connection to 35.255.50.125 timed out. (connect timeout=None)'))

During handling of the above exception, another exception occurred:

Traceback (most recent call last):
  File "/media/reaper/New Volume/Cheating_App/cheating-app-frontend-flask/app.py", line 52, in upload_image
    ocr_response = requests.post(f"{API_BASE_URL}/upload_image/", files=files)
  File "/media/reaper/New Volume/Cheating_App/cheating-app-frontend-flask/.venv/lib/python3.10/site-packages/requests/api.py", line 115, in post
    return request("post", url, data=data, json=json, **kwargs)
  File "/media/reaper/New Volume/Cheating_App/cheating-app-frontend-flask/.venv/lib/python3.10/site-packages/requests/api.py", line 59, in request
    return session.request(method=method, url=url, **kwargs)
  File "/media/reaper/New Volume/Cheating_App/cheating-app-frontend-flask/.venv/lib/python3.10/site-packages/requests/sessions.py", line 589, in request
    resp = self.send(prep, **send_kwargs)
  File "/media/reaper/New Volume/Cheating_App/cheating-app-frontend-flask/.venv/lib/python3.10/site-packages/requests/sessions.py", line 703, in send
    r = adapter.send(request, **kwargs)
  File "/media/reaper/New Volume/Cheating_App/cheating-app-frontend-flask/.venv/lib/python3.10/site-packages/requests/adapters.py", line 507, in send
    raise ConnectTimeout(e, request=request)
requests.exceptions.ConnectTimeout: HTTPConnectionPool(host='35.255.50.125', port=8000): Max retries exceeded with url: /upload_image/ (Caused by ConnectTimeoutError(<urllib3.connection.HTTPConnection object at 0x7b499e1d39a0>, 'Connection to 35.255.50.125 timed out. (connect timeout=None)'))
2025-05-24 07:39:47,987 - ERROR - Error processing request: HTTPConnectionPool(host='35.255.50.125', port=8000): Max retries exceeded with url: /upload_image/ (Caused by ConnectTimeoutError(<urllib3.connection.HTTPConnection object at 0x7b499e1d1690>, 'Connection to 35.255.50.125 timed out. (connect timeout=None)'))
Traceback (most recent call last):
  File "/media/reaper/New Volume/Cheating_App/cheating-app-frontend-flask/.venv/lib/python3.10/site-packages/urllib3/connection.py", line 198, in _new_conn
    sock = connection.create_connection(
  File "/media/reaper/New Volume/Cheating_App/cheating-app-frontend-flask/.venv/lib/python3.10/site-packages/urllib3/util/connection.py", line 85, in create_connection
    raise err
  File "/media/reaper/New Volume/Cheating_App/cheating-app-frontend-flask/.venv/lib/python3.10/site-packages/urllib3/util/connection.py", line 73, in create_connection
    sock.connect(sa)
TimeoutError: [Errno 110] Connection timed out

The above exception was the direct cause of the following exception:

Traceback (most recent call last):
  File "/media/reaper/New Volume/Cheating_App/cheating-app-frontend-flask/.venv/lib/python3.10/site-packages/urllib3/connectionpool.py", line 787, in urlopen
    response = self._make_request(
  File "/media/reaper/New Volume/Cheating_App/cheating-app-frontend-flask/.venv/lib/python3.10/site-packages/urllib3/connectionpool.py", line 493, in _make_request
    conn.request(
  File "/media/reaper/New Volume/Cheating_App/cheating-app-frontend-flask/.venv/lib/python3.10/site-packages/urllib3/connection.py", line 445, in request
    self.endheaders()
  File "/usr/lib/python3.10/http/client.py", line 1278, in endheaders
    self._send_output(message_body, encode_chunked=encode_chunked)
  File "/usr/lib/python3.10/http/client.py", line 1038, in _send_output
    self.send(msg)
  File "/usr/lib/python3.10/http/client.py", line 976, in send
    self.connect()
  File "/media/reaper/New Volume/Cheating_App/cheating-app-frontend-flask/.venv/lib/python3.10/site-packages/urllib3/connection.py", line 276, in connect
    self.sock = self._new_conn()
  File "/media/reaper/New Volume/Cheating_App/cheating-app-frontend-flask/.venv/lib/python3.10/site-packages/urllib3/connection.py", line 207, in _new_conn
    raise ConnectTimeoutError(
urllib3.exceptions.ConnectTimeoutError: (<urllib3.connection.HTTPConnection object at 0x7b499e1d1690>, 'Connection to 35.255.50.125 timed out. (connect timeout=None)')

The above exception was the direct cause of the following exception:

Traceback (most recent call last):
  File "/media/reaper/New Volume/Cheating_App/cheating-app-frontend-flask/.venv/lib/python3.10/site-packages/requests/adapters.py", line 486, in send
    resp = conn.urlopen(
  File "/media/reaper/New Volume/Cheating_App/cheating-app-frontend-flask/.venv/lib/python3.10/site-packages/urllib3/connectionpool.py", line 841, in urlopen
    retries = retries.increment(
  File "/media/reaper/New Volume/Cheating_App/cheating-app-frontend-flask/.venv/lib/python3.10/site-packages/urllib3/util/retry.py", line 519, in increment
    raise MaxRetryError(_pool, url, reason) from reason  # type: ignore[arg-type]
urllib3.exceptions.MaxRetryError: HTTPConnectionPool(host='35.255.50.125', port=8000): Max retries exceeded with url: /upload_image/ (Caused by ConnectTimeoutError(<urllib3.connection.HTTPConnection object at 0x7b499e1d1690>, 'Connection to 35.255.50.125 timed out. (connect timeout=None)'))

During handling of the above exception, another exception occurred:

Traceback (most recent call last):
  File "/media/reaper/New Volume/Cheating_App/cheating-app-frontend-flask/app.py", line 52, in upload_image
    ocr_response = requests.post(f"{API_BASE_URL}/upload_image/", files=files)
  File "/media/reaper/New Volume/Cheating_App/cheating-app-frontend-flask/.venv/lib/python3.10/site-packages/requests/api.py", line 115, in post
    return request("post", url, data=data, json=json, **kwargs)
  File "/media/reaper/New Volume/Cheating_App/cheating-app-frontend-flask/.venv/lib/python3.10/site-packages/requests/api.py", line 59, in request
    return session.request(method=method, url=url, **kwargs)
  File "/media/reaper/New Volume/Cheating_App/cheating-app-frontend-flask/.venv/lib/python3.10/site-packages/requests/sessions.py", line 589, in request
    resp = self.send(prep, **send_kwargs)
  File "/media/reaper/New Volume/Cheating_App/cheating-app-frontend-flask/.venv/lib/python3.10/site-packages/requests/sessions.py", line 703, in send
    r = adapter.send(request, **kwargs)
  File "/media/reaper/New Volume/Cheating_App/cheating-app-frontend-flask/.venv/lib/python3.10/site-packages/requests/adapters.py", line 507, in send
    raise ConnectTimeout(e, request=request)
requests.exceptions.ConnectTimeout: HTTPConnectionPool(host='35.255.50.125', port=8000): Max retries exceeded with url: /upload_image/ (Caused by ConnectTimeoutError(<urllib3.connection.HTTPConnection object at 0x7b499e1d1690>, 'Connection to 35.255.50.125 timed out. (connect timeout=None)'))
2025-05-24 07:39:47,987 - ERROR - Error processing request: HTTPConnectionPool(host='35.255.50.125', port=8000): Max retries exceeded with url: /upload_image/ (Caused by ConnectTimeoutError(<urllib3.connection.HTTPConnection object at 0x7b499e1d1a20>, 'Connection to 35.255.50.125 timed out. (connect timeout=None)'))
Traceback (most recent call last):
  File "/media/reaper/New Volume/Cheating_App/cheating-app-frontend-flask/.venv/lib/python3.10/site-packages/urllib3/connection.py", line 198, in _new_conn
    sock = connection.create_connection(
  File "/media/reaper/New Volume/Cheating_App/cheating-app-frontend-flask/.venv/lib/python3.10/site-packages/urllib3/util/connection.py", line 85, in create_connection
    raise err
  File "/media/reaper/New Volume/Cheating_App/cheating-app-frontend-flask/.venv/lib/python3.10/site-packages/urllib3/util/connection.py", line 73, in create_connection
    sock.connect(sa)
TimeoutError: [Errno 110] Connection timed out

The above exception was the direct cause of the following exception:

Traceback (most recent call last):
  File "/media/reaper/New Volume/Cheating_App/cheating-app-frontend-flask/.venv/lib/python3.10/site-packages/urllib3/connectionpool.py", line 787, in urlopen
    response = self._make_request(
  File "/media/reaper/New Volume/Cheating_App/cheating-app-frontend-flask/.venv/lib/python3.10/site-packages/urllib3/connectionpool.py", line 493, in _make_request
    conn.request(
  File "/media/reaper/New Volume/Cheating_App/cheating-app-frontend-flask/.venv/lib/python3.10/site-packages/urllib3/connection.py", line 445, in request
    self.endheaders()
  File "/usr/lib/python3.10/http/client.py", line 1278, in endheaders
    self._send_output(message_body, encode_chunked=encode_chunked)
  File "/usr/lib/python3.10/http/client.py", line 1038, in _send_output
    self.send(msg)
  File "/usr/lib/python3.10/http/client.py", line 976, in send
    self.connect()
  File "/media/reaper/New Volume/Cheating_App/cheating-app-frontend-flask/.venv/lib/python3.10/site-packages/urllib3/connection.py", line 276, in connect
    self.sock = self._new_conn()
  File "/media/reaper/New Volume/Cheating_App/cheating-app-frontend-flask/.venv/lib/python3.10/site-packages/urllib3/connection.py", line 207, in _new_conn
    raise ConnectTimeoutError(
urllib3.exceptions.ConnectTimeoutError: (<urllib3.connection.HTTPConnection object at 0x7b499e1d1a20>, 'Connection to 35.255.50.125 timed out. (connect timeout=None)')

The above exception was the direct cause of the following exception:

Traceback (most recent call last):
  File "/media/reaper/New Volume/Cheating_App/cheating-app-frontend-flask/.venv/lib/python3.10/site-packages/requests/adapters.py", line 486, in send
    resp = conn.urlopen(
  File "/media/reaper/New Volume/Cheating_App/cheating-app-frontend-flask/.venv/lib/python3.10/site-packages/urllib3/connectionpool.py", line 841, in urlopen
    retries = retries.increment(
  File "/media/reaper/New Volume/Cheating_App/cheating-app-frontend-flask/.venv/lib/python3.10/site-packages/urllib3/util/retry.py", line 519, in increment
    raise MaxRetryError(_pool, url, reason) from reason  # type: ignore[arg-type]
urllib3.exceptions.MaxRetryError: HTTPConnectionPool(host='35.255.50.125', port=8000): Max retries exceeded with url: /upload_image/ (Caused by ConnectTimeoutError(<urllib3.connection.HTTPConnection object at 0x7b499e1d1a20>, 'Connection to 35.255.50.125 timed out. (connect timeout=None)'))

During handling of the above exception, another exception occurred:

Traceback (most recent call last):
  File "/media/reaper/New Volume/Cheating_App/cheating-app-frontend-flask/app.py", line 52, in upload_image
    ocr_response = requests.post(f"{API_BASE_URL}/upload_image/", files=files)
  File "/media/reaper/New Volume/Cheating_App/cheating-app-frontend-flask/.venv/lib/python3.10/site-packages/requests/api.py", line 115, in post
    return request("post", url, data=data, json=json, **kwargs)
  File "/media/reaper/New Volume/Cheating_App/cheating-app-frontend-flask/.venv/lib/python3.10/site-packages/requests/api.py", line 59, in request
    return session.request(method=method, url=url, **kwargs)
  File "/media/reaper/New Volume/Cheating_App/cheating-app-frontend-flask/.venv/lib/python3.10/site-packages/requests/sessions.py", line 589, in request
    resp = self.send(prep, **send_kwargs)
  File "/media/reaper/New Volume/Cheating_App/cheating-app-frontend-flask/.venv/lib/python3.10/site-packages/requests/sessions.py", line 703, in send
    r = adapter.send(request, **kwargs)
  File "/media/reaper/New Volume/Cheating_App/cheating-app-frontend-flask/.venv/lib/python3.10/site-packages/requests/adapters.py", line 507, in send
    raise ConnectTimeout(e, request=request)
requests.exceptions.ConnectTimeout: HTTPConnectionPool(host='35.255.50.125', port=8000): Max retries exceeded with url: /upload_image/ (Caused by ConnectTimeoutError(<urllib3.connection.HTTPConnection object at 0x7b499e1d1a20>, 'Connection to 35.255.50.125 timed out. (connect timeout=None)'))
2025-05-24 07:39:47,995 - INFO - 127.0.0.1 - - [24/May/2025 07:39:47] "[35m[1mPOST /upload_image HTTP/1.1[0m" 500 -
2025-05-24 07:39:47,997 - INFO - 127.0.0.1 - - [24/May/2025 07:39:47] "[35m[1mPOST /upload_image HTTP/1.1[0m" 500 -
2025-05-24 07:39:48,000 - INFO - 127.0.0.1 - - [24/May/2025 07:39:48] "[35m[1mPOST /upload_image HTTP/1.1[0m" 500 -
2025-05-24 07:39:48,004 - INFO - 127.0.0.1 - - [24/May/2025 07:39:48] "[35m[1mPOST /upload_image HTTP/1.1[0m" 500 -
2025-05-24 07:39:48,008 - INFO - 127.0.0.1 - - [24/May/2025 07:39:48] "[35m[1mPOST /upload_image HTTP/1.1[0m" 500 -
2025-05-24 07:39:48,011 - INFO - 127.0.0.1 - - [24/May/2025 07:39:48] "[35m[1mPOST /upload_image HTTP/1.1[0m" 500 -
2025-05-24 07:39:48,021 - INFO - 127.0.0.1 - - [24/May/2025 07:39:48] "[35m[1mPOST /upload_image HTTP/1.1[0m" 500 -
2025-05-24 07:40:35,344 - INFO -  * Detected change in '/media/reaper/New Volume/Cheating_App/cheating-app-frontend-flask/app.py', reloading
2025-05-24 07:40:35,583 - INFO - Starting Flask application
2025-05-24 07:40:35,595 - WARNING -  * Debugger is active!
2025-05-24 07:40:35,595 - INFO -  * Debugger PIN: 940-980-902
2025-05-24 07:40:35,600 - INFO - Received image upload request
2025-05-24 07:40:35,601 - INFO - Successfully decoded base64 image
2025-05-24 07:40:35,601 - INFO - Sending image to OCR endpoint
2025-05-24 07:40:37,381 - INFO - OCR text extracted: 38 Exercises
->
You
Today, 1:59 am
D
var x = 5
Exercise
What is a correct way to declare a Python va...
2025-05-24 07:40:37,382 - INFO - Sending OCR text to answer endpoint
2025-05-24 07:40:39,473 - INFO - Answer received: x = 5...
2025-05-24 07:40:39,475 - INFO - 127.0.0.1 - - [24/May/2025 07:40:39] "POST /upload_image HTTP/1.1" 200 -
2025-05-24 07:41:08,986 - INFO - 127.0.0.1 - - [24/May/2025 07:41:08] "[33mPOST /answer_mcq/HI HTTP/1.1[0m" 404 -
2025-05-24 07:43:03,446 - INFO -  * Detected change in '/media/reaper/New Volume/Cheating_App/cheating-app-frontend-flask/app.py', reloading
2025-05-24 07:43:03,692 - INFO - Starting Flask application
2025-05-24 07:43:03,703 - WARNING -  * Debugger is active!
2025-05-24 07:43:03,703 - INFO -  * Debugger PIN: 940-980-902
2025-05-24 07:43:06,491 - INFO - Homepage accessed
2025-05-24 07:43:06,496 - INFO - 127.0.0.1 - - [24/May/2025 07:43:06] "GET / HTTP/1.1" 200 -
2025-05-24 07:43:06,602 - INFO - 127.0.0.1 - - [24/May/2025 07:43:06] "GET /static/style.css HTTP/1.1" 200 -
2025-05-24 07:43:06,603 - INFO - 127.0.0.1 - - [24/May/2025 07:43:06] "GET /static/script.js HTTP/1.1" 200 -
2025-05-24 07:43:06,728 - INFO - 127.0.0.1 - - [24/May/2025 07:43:06] "[33mGET /favicon.ico HTTP/1.1[0m" 404 -
2025-05-24 07:43:43,884 - INFO - Received image upload request
2025-05-24 07:43:43,886 - INFO - Successfully decoded base64 image
2025-05-24 07:43:43,887 - INFO - Sending image to OCR endpoint
2025-05-24 07:43:44,533 - INFO - Received image upload request
2025-05-24 07:43:44,534 - INFO - Successfully decoded base64 image
2025-05-24 07:43:44,535 - INFO - Sending image to OCR endpoint
2025-05-24 07:43:45,027 - INFO - OCR text extracted: Exercises
var x = 5
Exercise
What is a correct way to declare a Python variable?
Sx - 3...
2025-05-24 07:43:45,027 - INFO - Sending OCR text to answer endpoint
2025-05-24 07:43:45,641 - INFO - OCR text extracted: Exercises
var x = 5
Exercise
What is a correct way to declare a Python variable?
Sx - 3...
2025-05-24 07:43:45,642 - INFO - Sending OCR text to answer endpoint
2025-05-24 07:43:47,073 - INFO - Answer received: variable_name = value...
2025-05-24 07:43:47,075 - INFO - 127.0.0.1 - - [24/May/2025 07:43:47] "POST /upload_image HTTP/1.1" 200 -
2025-05-24 07:43:49,225 - INFO - Answer received: Assigning a value to the variable name using the assignment operator (=), for example: `variable_nam...
2025-05-24 07:43:49,227 - INFO - 127.0.0.1 - - [24/May/2025 07:43:49] "POST /upload_image HTTP/1.1" 200 -
2025-05-24 07:45:09,551 - INFO - Homepage accessed
2025-05-24 07:45:09,552 - INFO - 127.0.0.1 - - [24/May/2025 07:45:09] "GET / HTTP/1.1" 200 -
2025-05-24 07:45:09,664 - INFO - 127.0.0.1 - - [24/May/2025 07:45:09] "GET /static/style.css HTTP/1.1" 200 -
2025-05-24 07:45:09,666 - INFO - 127.0.0.1 - - [24/May/2025 07:45:09] "GET /static/script.js HTTP/1.1" 200 -
2025-05-24 07:45:09,787 - INFO - 127.0.0.1 - - [24/May/2025 07:45:09] "[33mGET /favicon.ico HTTP/1.1[0m" 404 -
2025-05-24 07:46:44,795 - INFO - Homepage accessed
2025-05-24 07:46:44,796 - INFO - 127.0.0.1 - - [24/May/2025 07:46:44] "GET / HTTP/1.1" 200 -
2025-05-24 07:46:44,868 - INFO - 127.0.0.1 - - [24/May/2025 07:46:44] "GET /static/style.css HTTP/1.1" 200 -
2025-05-24 07:46:44,870 - INFO - 127.0.0.1 - - [24/May/2025 07:46:44] "GET /static/script.js HTTP/1.1" 200 -
2025-05-24 07:46:44,990 - INFO - 127.0.0.1 - - [24/May/2025 07:46:44] "[33mGET /favicon.ico HTTP/1.1[0m" 404 -
2025-05-24 07:48:15,965 - INFO - Received image upload request
2025-05-24 07:48:15,968 - INFO - Successfully decoded base64 image
2025-05-24 07:48:15,968 - INFO - Sending image to OCR endpoint
2025-05-24 07:48:17,665 - INFO - OCR text extracted: vercise
Exercise
7
What is a correct way to declare a Python variable?
var x = 5
x = 5
‚óè $x = 5
x=5...
2025-05-24 07:48:17,665 - INFO - Sending OCR text to answer endpoint
2025-05-24 07:48:21,240 - INFO - Answer received: Assign a value to a variable name using the assignment operator (`=`)....
2025-05-24 07:48:21,241 - INFO - 127.0.0.1 - - [24/May/2025 07:48:21] "POST /upload_image HTTP/1.1" 200 -
2025-05-24 07:48:21,512 - INFO - Received image upload request
2025-05-24 07:48:21,514 - INFO - Successfully decoded base64 image
2025-05-24 07:48:21,514 - INFO - Sending image to OCR endpoint
2025-05-24 07:48:23,187 - INFO - OCR text extracted: vercise
Exercise
7
What is a correct way to declare a Python variable?
var x = 5
x = 5
‚óè $x = 5
x=5...
2025-05-24 07:48:23,187 - INFO - Sending OCR text to answer endpoint
2025-05-24 07:48:25,603 - INFO - Answer received: my_variable = 10...
2025-05-24 07:48:25,605 - INFO - 127.0.0.1 - - [24/May/2025 07:48:25] "POST /upload_image HTTP/1.1" 200 -
2025-05-24 07:48:53,554 - INFO - Received image upload request
2025-05-24 07:48:53,556 - INFO - Successfully decoded base64 image
2025-05-24 07:48:53,557 - INFO - Sending image to OCR endpoint
2025-05-24 07:48:54,787 - INFO - OCR text extracted: What is a correct way to declare a Python variable?
var x = 5
‚óè 4x = 5
‚óè $x = 5
x=5...
2025-05-24 07:48:54,788 - INFO - Sending OCR text to answer endpoint
2025-05-24 07:48:57,039 - INFO - Answer received: `variable_name = value`...
2025-05-24 07:48:57,040 - INFO - 127.0.0.1 - - [24/May/2025 07:48:57] "POST /upload_image HTTP/1.1" 200 -
2025-05-24 07:56:02,897 - INFO - Received image upload request
2025-05-24 07:56:02,898 - INFO - Successfully decoded base64 image
2025-05-24 07:56:02,898 - INFO - Sending image to OCR endpoint
2025-05-24 07:56:05,065 - INFO - OCR text extracted: ...
2025-05-24 07:56:05,066 - INFO - Sending OCR text to answer endpoint
2025-05-24 07:56:05,984 - ERROR - Answer processing failed with status code: 404
2025-05-24 07:56:05,986 - INFO - 127.0.0.1 - - [24/May/2025 07:56:05] "[35m[1mPOST /upload_image HTTP/1.1[0m" 500 -
2025-05-24 07:57:48,782 - INFO - Homepage accessed
2025-05-24 07:57:48,783 - INFO - 127.0.0.1 - - [24/May/2025 07:57:48] "GET / HTTP/1.1" 200 -
2025-05-24 07:57:48,882 - INFO - 127.0.0.1 - - [24/May/2025 07:57:48] "GET /static/style.css HTTP/1.1" 200 -
2025-05-24 07:57:48,884 - INFO - 127.0.0.1 - - [24/May/2025 07:57:48] "GET /static/script.js HTTP/1.1" 200 -
2025-05-24 08:01:16,486 - INFO - Homepage accessed
2025-05-24 08:01:16,490 - INFO - 127.0.0.1 - - [24/May/2025 08:01:16] "GET / HTTP/1.1" 200 -
2025-05-24 08:01:16,560 - INFO - 127.0.0.1 - - [24/May/2025 08:01:16] "GET /static/style.css HTTP/1.1" 200 -
2025-05-24 08:01:16,561 - INFO - 127.0.0.1 - - [24/May/2025 08:01:16] "GET /static/script.js HTTP/1.1" 200 -
2025-05-24 08:01:16,773 - INFO - 127.0.0.1 - - [24/May/2025 08:01:16] "[33mGET /favicon.ico HTTP/1.1[0m" 404 -
2025-05-24 08:01:21,238 - INFO - Received image upload request
2025-05-24 08:01:21,241 - INFO - Successfully decoded base64 image
2025-05-24 08:01:21,241 - INFO - Sending image to OCR endpoint
2025-05-24 08:01:22,591 - INFO - OCR text extracted: ...
2025-05-24 08:01:22,592 - INFO - Sending OCR text to answer endpoint
2025-05-24 08:01:23,207 - ERROR - Answer processing failed with status code: 404
2025-05-24 08:01:23,209 - INFO - 127.0.0.1 - - [24/May/2025 08:01:23] "[35m[1mPOST /upload_image HTTP/1.1[0m" 500 -
2025-05-24 08:01:27,085 - INFO - Homepage accessed
2025-05-24 08:01:27,086 - INFO - 127.0.0.1 - - [24/May/2025 08:01:27] "GET / HTTP/1.1" 200 -
2025-05-24 08:01:27,159 - INFO - 127.0.0.1 - - [24/May/2025 08:01:27] "GET /static/style.css HTTP/1.1" 200 -
2025-05-24 08:01:27,159 - INFO - 127.0.0.1 - - [24/May/2025 08:01:27] "GET /static/script.js HTTP/1.1" 200 -
2025-05-24 08:01:27,300 - INFO - 127.0.0.1 - - [24/May/2025 08:01:27] "[33mGET /favicon.ico HTTP/1.1[0m" 404 -
2025-05-24 08:02:33,822 - INFO - Homepage accessed
2025-05-24 08:02:33,826 - INFO - 127.0.0.1 - - [24/May/2025 08:02:33] "GET / HTTP/1.1" 200 -
2025-05-24 08:02:33,909 - INFO - 127.0.0.1 - - [24/May/2025 08:02:33] "GET /static/style.css HTTP/1.1" 200 -
2025-05-24 08:02:33,910 - INFO - 127.0.0.1 - - [24/May/2025 08:02:33] "GET /static/script.js HTTP/1.1" 200 -
2025-05-24 08:02:34,034 - INFO - 127.0.0.1 - - [24/May/2025 08:02:34] "[33mGET /favicon.ico HTTP/1.1[0m" 404 -
2025-05-24 08:03:33,284 - INFO - Homepage accessed
2025-05-24 08:03:33,285 - INFO - 127.0.0.1 - - [24/May/2025 08:03:33] "GET / HTTP/1.1" 200 -
2025-05-24 08:03:33,349 - INFO - 127.0.0.1 - - [24/May/2025 08:03:33] "GET /static/style.css HTTP/1.1" 200 -
2025-05-24 08:03:33,351 - INFO - 127.0.0.1 - - [24/May/2025 08:03:33] "GET /static/script.js HTTP/1.1" 200 -
2025-05-24 08:03:33,473 - INFO - 127.0.0.1 - - [24/May/2025 08:03:33] "[33mGET /favicon.ico HTTP/1.1[0m" 404 -
2025-05-24 08:05:14,492 - INFO - Homepage accessed
2025-05-24 08:05:14,493 - INFO - 127.0.0.1 - - [24/May/2025 08:05:14] "GET / HTTP/1.1" 200 -
2025-05-24 08:05:14,599 - INFO - 127.0.0.1 - - [24/May/2025 08:05:14] "GET /static/style.css HTTP/1.1" 200 -
2025-05-24 08:05:14,601 - INFO - 127.0.0.1 - - [24/May/2025 08:05:14] "GET /static/script.js HTTP/1.1" 200 -
2025-05-24 08:05:14,756 - INFO - 127.0.0.1 - - [24/May/2025 08:05:14] "[33mGET /favicon.ico HTTP/1.1[0m" 404 -
2025-05-24 08:08:01,740 - INFO - Homepage accessed
2025-05-24 08:08:01,741 - INFO - 127.0.0.1 - - [24/May/2025 08:08:01] "GET / HTTP/1.1" 200 -
2025-05-24 08:08:01,810 - INFO - 127.0.0.1 - - [24/May/2025 08:08:01] "GET /static/style.css HTTP/1.1" 200 -
2025-05-24 08:08:01,810 - INFO - 127.0.0.1 - - [24/May/2025 08:08:01] "GET /static/script.js HTTP/1.1" 200 -
2025-05-24 08:08:01,956 - INFO - 127.0.0.1 - - [24/May/2025 08:08:01] "[33mGET /favicon.ico HTTP/1.1[0m" 404 -
2025-05-24 08:11:06,197 - INFO - Homepage accessed
2025-05-24 08:11:06,198 - INFO - 127.0.0.1 - - [24/May/2025 08:11:06] "GET / HTTP/1.1" 200 -
2025-05-24 08:11:06,263 - INFO - 127.0.0.1 - - [24/May/2025 08:11:06] "GET /static/style.css HTTP/1.1" 200 -
2025-05-24 08:11:06,265 - INFO - 127.0.0.1 - - [24/May/2025 08:11:06] "GET /static/script.js HTTP/1.1" 200 -
2025-05-24 08:11:06,396 - INFO - 127.0.0.1 - - [24/May/2025 08:11:06] "[33mGET /favicon.ico HTTP/1.1[0m" 404 -
2025-05-24 08:15:06,942 - INFO - Homepage accessed
2025-05-24 08:15:06,943 - INFO - 127.0.0.1 - - [24/May/2025 08:15:06] "GET / HTTP/1.1" 200 -
2025-05-24 08:15:07,012 - INFO - 127.0.0.1 - - [24/May/2025 08:15:07] "GET /static/style.css HTTP/1.1" 200 -
2025-05-24 08:15:07,014 - INFO - 127.0.0.1 - - [24/May/2025 08:15:07] "GET /static/script.js HTTP/1.1" 200 -
2025-05-24 08:15:07,146 - INFO - 127.0.0.1 - - [24/May/2025 08:15:07] "[33mGET /favicon.ico HTTP/1.1[0m" 404 -
2025-05-24 08:19:27,151 - INFO - Homepage accessed
2025-05-24 08:19:27,152 - INFO - 127.0.0.1 - - [24/May/2025 08:19:27] "GET / HTTP/1.1" 200 -
2025-05-24 08:19:27,227 - INFO - 127.0.0.1 - - [24/May/2025 08:19:27] "GET /static/style.css HTTP/1.1" 200 -
2025-05-24 08:19:27,229 - INFO - 127.0.0.1 - - [24/May/2025 08:19:27] "GET /static/script.js HTTP/1.1" 200 -
2025-05-24 08:19:27,369 - INFO - 127.0.0.1 - - [24/May/2025 08:19:27] "[33mGET /favicon.ico HTTP/1.1[0m" 404 -
2025-05-24 08:28:31,623 - INFO - Homepage accessed
2025-05-24 08:28:31,624 - INFO - 127.0.0.1 - - [24/May/2025 08:28:31] "GET / HTTP/1.1" 200 -
2025-05-24 08:28:31,726 - INFO - 127.0.0.1 - - [24/May/2025 08:28:31] "GET /static/style.css HTTP/1.1" 200 -
2025-05-24 08:28:31,734 - INFO - 127.0.0.1 - - [24/May/2025 08:28:31] "GET /static/script.js HTTP/1.1" 200 -
2025-05-24 08:28:31,940 - INFO - 127.0.0.1 - - [24/May/2025 08:28:31] "[33mGET /favicon.ico HTTP/1.1[0m" 404 -
2025-05-24 08:30:15,571 - INFO - Homepage accessed
2025-05-24 08:30:15,572 - INFO - 127.0.0.1 - - [24/May/2025 08:30:15] "GET / HTTP/1.1" 200 -
2025-05-24 08:30:15,682 - INFO - 127.0.0.1 - - [24/May/2025 08:30:15] "GET /static/style.css HTTP/1.1" 200 -
2025-05-24 08:30:15,685 - INFO - 127.0.0.1 - - [24/May/2025 08:30:15] "GET /static/script.js HTTP/1.1" 200 -
2025-05-24 08:30:15,893 - INFO - 127.0.0.1 - - [24/May/2025 08:30:15] "[33mGET /favicon.ico HTTP/1.1[0m" 404 -
2025-05-24 08:30:53,393 - INFO - Homepage accessed
2025-05-24 08:30:53,393 - INFO - 127.0.0.1 - - [24/May/2025 08:30:53] "GET / HTTP/1.1" 200 -
2025-05-24 08:30:53,478 - INFO - 127.0.0.1 - - [24/May/2025 08:30:53] "[36mGET /static/style.css HTTP/1.1[0m" 304 -
2025-05-24 08:30:53,482 - INFO - 127.0.0.1 - - [24/May/2025 08:30:53] "GET /static/script.js HTTP/1.1" 200 -
2025-05-24 08:32:47,345 - INFO - Homepage accessed
2025-05-24 08:32:47,346 - INFO - 127.0.0.1 - - [24/May/2025 08:32:47] "GET / HTTP/1.1" 200 -
2025-05-24 08:32:47,483 - INFO - 127.0.0.1 - - [24/May/2025 08:32:47] "GET /static/style.css HTTP/1.1" 200 -
2025-05-24 08:32:47,486 - INFO - 127.0.0.1 - - [24/May/2025 08:32:47] "GET /static/script.js HTTP/1.1" 200 -
2025-05-24 08:32:47,690 - INFO - 127.0.0.1 - - [24/May/2025 08:32:47] "[33mGET /favicon.ico HTTP/1.1[0m" 404 -
2025-05-24 08:33:33,563 - INFO - Homepage accessed
2025-05-24 08:33:33,564 - INFO - 127.0.0.1 - - [24/May/2025 08:33:33] "GET / HTTP/1.1" 200 -
2025-05-24 08:33:33,668 - INFO - 127.0.0.1 - - [24/May/2025 08:33:33] "[36mGET /static/style.css HTTP/1.1[0m" 304 -
2025-05-24 08:33:33,670 - INFO - 127.0.0.1 - - [24/May/2025 08:33:33] "GET /static/script.js HTTP/1.1" 200 -
2025-05-24 08:34:40,599 - INFO - Homepage accessed
2025-05-24 08:34:40,600 - INFO - 127.0.0.1 - - [24/May/2025 08:34:40] "GET / HTTP/1.1" 200 -
2025-05-24 08:34:40,728 - INFO - 127.0.0.1 - - [24/May/2025 08:34:40] "[36mGET /static/style.css HTTP/1.1[0m" 304 -
2025-05-24 08:34:40,731 - INFO - 127.0.0.1 - - [24/May/2025 08:34:40] "GET /static/script.js HTTP/1.1" 200 -
2025-05-24 08:36:19,269 - INFO - Homepage accessed
2025-05-24 08:36:19,270 - INFO - 127.0.0.1 - - [24/May/2025 08:36:19] "GET / HTTP/1.1" 200 -
2025-05-24 08:36:19,378 - INFO - 127.0.0.1 - - [24/May/2025 08:36:19] "GET /static/style.css HTTP/1.1" 200 -
2025-05-24 08:36:19,381 - INFO - 127.0.0.1 - - [24/May/2025 08:36:19] "GET /static/script.js HTTP/1.1" 200 -
2025-05-24 08:36:19,538 - INFO - 127.0.0.1 - - [24/May/2025 08:36:19] "[33mGET /favicon.ico HTTP/1.1[0m" 404 -
2025-05-24 08:38:08,385 - INFO - Homepage accessed
2025-05-24 08:38:08,386 - INFO - 127.0.0.1 - - [24/May/2025 08:38:08] "GET / HTTP/1.1" 200 -
2025-05-24 08:38:08,502 - INFO - 127.0.0.1 - - [24/May/2025 08:38:08] "GET /static/style.css HTTP/1.1" 200 -
2025-05-24 08:38:08,506 - INFO - 127.0.0.1 - - [24/May/2025 08:38:08] "GET /static/script.js HTTP/1.1" 200 -
2025-05-24 08:38:08,651 - INFO - 127.0.0.1 - - [24/May/2025 08:38:08] "[33mGET /favicon.ico HTTP/1.1[0m" 404 -
2025-05-24 08:43:33,114 - INFO - Homepage accessed
2025-05-24 08:43:33,115 - INFO - 127.0.0.1 - - [24/May/2025 08:43:33] "GET / HTTP/1.1" 200 -
2025-05-24 08:43:33,218 - INFO - 127.0.0.1 - - [24/May/2025 08:43:33] "GET /static/style.css HTTP/1.1" 200 -
2025-05-24 08:43:33,221 - INFO - 127.0.0.1 - - [24/May/2025 08:43:33] "GET /static/script.js HTTP/1.1" 200 -
2025-05-24 08:43:33,380 - INFO - 127.0.0.1 - - [24/May/2025 08:43:33] "[33mGET /favicon.ico HTTP/1.1[0m" 404 -
2025-05-24 09:19:33,249 - INFO - Received image upload request
2025-05-24 09:19:33,353 - INFO - Successfully decoded base64 image
2025-05-24 09:19:33,354 - INFO - Sending image to OCR endpoint
2025-05-24 09:19:34,436 - INFO - OCR text extracted: ...
2025-05-24 09:19:34,437 - INFO - Sending OCR text to answer endpoint
2025-05-24 09:19:35,002 - ERROR - Answer processing failed with status code: 404
2025-05-24 09:19:35,012 - INFO - 127.0.0.1 - - [24/May/2025 09:19:35] "[35m[1mPOST /upload_image HTTP/1.1[0m" 500 -
2025-05-24 09:38:04,007 - INFO - Received image upload request
2025-05-24 09:38:04,020 - INFO - Successfully decoded base64 image
2025-05-24 09:38:04,021 - INFO - Sending image to OCR endpoint
2025-05-24 09:38:05,315 - INFO - OCR text extracted: ...
2025-05-24 09:38:05,316 - INFO - Sending OCR text to answer endpoint
2025-05-24 09:38:05,883 - ERROR - Answer processing failed with status code: 404
2025-05-24 09:38:05,885 - INFO - 127.0.0.1 - - [24/May/2025 09:38:05] "[35m[1mPOST /upload_image HTTP/1.1[0m" 500 -
2025-05-24 09:38:18,550 - INFO - Received image upload request
2025-05-24 09:38:18,551 - INFO - Successfully decoded base64 image
2025-05-24 09:38:18,551 - INFO - Sending image to OCR endpoint
2025-05-24 09:38:19,537 - INFO - OCR text extracted: GREEN
SCUL...
2025-05-24 09:38:19,537 - INFO - Sending OCR text to answer endpoint
2025-05-24 09:38:24,061 - INFO - Answer received: GREEN SCULPTURE...
2025-05-24 09:38:24,063 - INFO - 127.0.0.1 - - [24/May/2025 09:38:24] "POST /upload_image HTTP/1.1" 200 -
2025-05-24 09:38:37,157 - INFO - Received image upload request
2025-05-24 09:38:37,159 - INFO - Successfully decoded base64 image
2025-05-24 09:38:37,159 - INFO - Sending image to OCR endpoint
2025-05-24 09:38:38,151 - INFO - OCR text extracted: SREEN
SOUL...
2025-05-24 09:38:38,151 - INFO - Sending OCR text to answer endpoint
2025-05-24 09:39:07,343 - INFO - Received image upload request
2025-05-24 09:39:07,346 - INFO - Successfully decoded base64 image
2025-05-24 09:39:07,346 - INFO - Sending image to OCR endpoint
2025-05-24 09:39:29,945 - INFO - Answer received: SOUL...
2025-05-24 09:39:29,947 - INFO - 127.0.0.1 - - [24/May/2025 09:39:29] "POST /upload_image HTTP/1.1" 200 -
2025-05-24 09:39:30,132 - INFO - OCR text extracted: L
GREEN
SOUL...
2025-05-24 09:39:30,133 - INFO - Sending OCR text to answer endpoint
2025-05-24 09:39:50,247 - INFO - Answer received: L is the first letter of GREEN and the last letter of SOUL....
2025-05-24 09:39:50,251 - INFO - 127.0.0.1 - - [24/May/2025 09:39:50] "POST /upload_image HTTP/1.1" 200 -
2025-05-24 09:50:21,799 - INFO - Homepage accessed
2025-05-24 09:50:22,110 - INFO - 127.0.0.1 - - [24/May/2025 09:50:22] "GET / HTTP/1.1" 200 -
2025-05-24 09:50:22,235 - INFO - 127.0.0.1 - - [24/May/2025 09:50:22] "[36mGET /static/style.css HTTP/1.1[0m" 304 -
2025-05-24 09:50:22,238 - INFO - 127.0.0.1 - - [24/May/2025 09:50:22] "[36mGET /static/script.js HTTP/1.1[0m" 304 -
2025-05-24 09:55:15,224 - INFO - Homepage accessed
2025-05-24 09:55:15,225 - INFO - 127.0.0.1 - - [24/May/2025 09:55:15] "GET / HTTP/1.1" 200 -
2025-05-24 09:55:15,304 - INFO - 127.0.0.1 - - [24/May/2025 09:55:15] "GET /static/script.js HTTP/1.1" 200 -
2025-05-24 09:55:15,309 - INFO - 127.0.0.1 - - [24/May/2025 09:55:15] "GET /static/style.css HTTP/1.1" 200 -
2025-05-24 09:55:15,433 - INFO - 127.0.0.1 - - [24/May/2025 09:55:15] "[33mGET /favicon.ico HTTP/1.1[0m" 404 -
2025-05-24 09:55:41,092 - INFO - Received image upload request
2025-05-24 09:55:41,097 - INFO - Successfully decoded base64 image
2025-05-24 09:55:41,098 - INFO - Sending image to OCR endpoint
2025-05-24 09:55:44,507 - INFO - OCR text extracted: ...
2025-05-24 09:55:44,507 - INFO - Sending OCR text to answer endpoint
2025-05-24 09:55:45,370 - ERROR - Answer processing failed with status code: 404
2025-05-24 09:55:45,371 - INFO - 127.0.0.1 - - [24/May/2025 09:55:45] "[35m[1mPOST /upload_image HTTP/1.1[0m" 500 -
2025-05-24 09:55:51,260 - INFO - Received image upload request
2025-05-24 09:55:51,264 - INFO - Successfully decoded base64 image
2025-05-24 09:55:51,264 - INFO - Sending image to OCR endpoint
2025-05-24 09:55:54,486 - INFO - OCR text extracted: ÿ≠ŸÇÿßÿßŸÑŸÉŸÖ
SR...
2025-05-24 09:55:54,487 - INFO - Sending OCR text to answer endpoint
2025-05-24 09:56:01,015 - INFO - Answer received: SR typically stands for Saudi Riyal.

The Arabic phrase "ÿ≠ŸÇÿßÿßŸÑŸÉŸÖ" appears to be a misspelling. It mi...
2025-05-24 09:56:01,030 - INFO - 127.0.0.1 - - [24/May/2025 09:56:01] "POST /upload_image HTTP/1.1" 200 -
2025-05-24 09:59:07,400 - INFO - Starting Flask application
2025-05-24 09:59:07,539 - INFO - [31m[1mWARNING: This is a development server. Do not use it in a production deployment. Use a production WSGI server instead.[0m
 * Running on http://127.0.0.1:5000
2025-05-24 09:59:07,539 - INFO - [33mPress CTRL+C to quit[0m
2025-05-24 09:59:07,550 - INFO -  * Restarting with stat
2025-05-24 09:59:07,758 - INFO - Starting Flask application
2025-05-24 09:59:07,770 - WARNING -  * Debugger is active!
2025-05-24 09:59:07,772 - INFO -  * Debugger PIN: 223-803-570
2025-05-24 10:01:15,542 - INFO - 127.0.0.1 - - [24/May/2025 10:01:15] "[33mGET /favicon.ico HTTP/1.1[0m" 404 -
2025-05-24 10:01:16,625 - INFO - Homepage accessed
2025-05-24 10:01:16,647 - INFO - 127.0.0.1 - - [24/May/2025 10:01:16] "GET / HTTP/1.1" 200 -
2025-05-24 10:01:17,271 - INFO - 127.0.0.1 - - [24/May/2025 10:01:17] "GET /static/style.css HTTP/1.1" 200 -
2025-05-24 10:01:17,314 - INFO - 127.0.0.1 - - [24/May/2025 10:01:17] "GET /static/script.js HTTP/1.1" 200 -
2025-05-24 10:05:09,435 - INFO - Homepage accessed
2025-05-24 10:05:09,475 - INFO - 127.0.0.1 - - [24/May/2025 10:05:09] "GET / HTTP/1.1" 200 -
2025-05-24 10:05:10,275 - INFO - 127.0.0.1 - - [24/May/2025 10:05:10] "[36mGET /static/style.css HTTP/1.1[0m" 304 -
2025-05-24 10:05:10,319 - INFO - 127.0.0.1 - - [24/May/2025 10:05:10] "GET /static/script.js HTTP/1.1" 200 -
2025-05-24 10:05:10,987 - INFO - 127.0.0.1 - - [24/May/2025 10:05:10] "[33mGET /favicon.ico HTTP/1.1[0m" 404 -
2025-05-24 10:13:16,092 - INFO - Homepage accessed
2025-05-24 10:13:16,096 - INFO - 127.0.0.1 - - [24/May/2025 10:13:16] "GET / HTTP/1.1" 200 -
2025-05-24 10:13:16,757 - INFO - 127.0.0.1 - - [24/May/2025 10:13:16] "GET /static/script.js HTTP/1.1" 200 -
2025-05-24 10:13:16,802 - INFO - 127.0.0.1 - - [24/May/2025 10:13:16] "GET /static/style.css HTTP/1.1" 200 -
2025-05-24 10:13:38,370 - INFO - 127.0.0.1 - - [24/May/2025 10:13:38] "[33mGET /auth/postback/github?tunnel=1 HTTP/1.1[0m" 404 -
2025-05-24 10:13:40,236 - INFO - 127.0.0.1 - - [24/May/2025 10:13:40] "[33mGET /auth/postback/github?tunnel=1 HTTP/1.1[0m" 404 -
2025-05-24 10:13:40,927 - INFO - 127.0.0.1 - - [24/May/2025 10:13:40] "[33mGET /favicon.ico HTTP/1.1[0m" 404 -
2025-05-24 10:13:44,363 - INFO - Homepage accessed
2025-05-24 10:13:44,365 - INFO - 127.0.0.1 - - [24/May/2025 10:13:44] "GET / HTTP/1.1" 200 -
2025-05-24 10:13:44,584 - INFO - 127.0.0.1 - - [24/May/2025 10:13:44] "[36mGET /static/script.js HTTP/1.1[0m" 304 -
2025-05-24 10:13:44,980 - INFO - 127.0.0.1 - - [24/May/2025 10:13:44] "[36mGET /static/style.css HTTP/1.1[0m" 304 -
2025-05-24 10:14:59,310 - INFO - Homepage accessed
2025-05-24 10:14:59,313 - INFO - 127.0.0.1 - - [24/May/2025 10:14:59] "GET / HTTP/1.1" 200 -
2025-05-24 10:14:59,986 - INFO - 127.0.0.1 - - [24/May/2025 10:14:59] "[36mGET /static/style.css HTTP/1.1[0m" 304 -
2025-05-24 10:15:00,031 - INFO - 127.0.0.1 - - [24/May/2025 10:15:00] "GET /static/script.js HTTP/1.1" 200 -
2025-05-24 10:17:36,206 - INFO - Homepage accessed
2025-05-24 10:17:36,208 - INFO - 127.0.0.1 - - [24/May/2025 10:17:36] "GET / HTTP/1.1" 200 -
2025-05-24 10:17:36,858 - INFO - 127.0.0.1 - - [24/May/2025 10:17:36] "GET /static/script.js HTTP/1.1" 200 -
2025-05-24 10:17:36,912 - INFO - 127.0.0.1 - - [24/May/2025 10:17:36] "[36mGET /static/style.css HTTP/1.1[0m" 304 -
2025-05-24 10:17:42,012 - INFO - Homepage accessed
2025-05-24 10:17:42,014 - INFO - 127.0.0.1 - - [24/May/2025 10:17:42] "GET / HTTP/1.1" 200 -
2025-05-24 10:17:42,584 - INFO - 127.0.0.1 - - [24/May/2025 10:17:42] "[36mGET /static/script.js HTTP/1.1[0m" 304 -
2025-05-24 10:17:42,629 - INFO - 127.0.0.1 - - [24/May/2025 10:17:42] "[36mGET /static/style.css HTTP/1.1[0m" 304 -
2025-05-24 10:18:17,117 - INFO - Homepage accessed
2025-05-24 10:18:17,119 - INFO - 127.0.0.1 - - [24/May/2025 10:18:17] "GET / HTTP/1.1" 200 -
2025-05-24 10:18:17,294 - INFO - 127.0.0.1 - - [24/May/2025 10:18:17] "GET /static/style.css HTTP/1.1" 200 -
2025-05-24 10:18:17,341 - INFO - 127.0.0.1 - - [24/May/2025 10:18:17] "[36mGET /static/script.js HTTP/1.1[0m" 304 -
2025-05-24 10:18:20,267 - INFO - Homepage accessed
2025-05-24 10:18:20,268 - INFO - 127.0.0.1 - - [24/May/2025 10:18:20] "GET / HTTP/1.1" 200 -
2025-05-24 10:18:21,096 - INFO - 127.0.0.1 - - [24/May/2025 10:18:21] "[36mGET /static/script.js HTTP/1.1[0m" 304 -
2025-05-24 10:18:21,138 - INFO - 127.0.0.1 - - [24/May/2025 10:18:21] "[36mGET /static/style.css HTTP/1.1[0m" 304 -
2025-05-24 10:18:27,029 - INFO - Homepage accessed
2025-05-24 10:18:27,031 - INFO - 127.0.0.1 - - [24/May/2025 10:18:27] "GET / HTTP/1.1" 200 -
2025-05-24 10:18:27,338 - INFO - 127.0.0.1 - - [24/May/2025 10:18:27] "[36mGET /static/script.js HTTP/1.1[0m" 304 -
2025-05-24 10:18:27,381 - INFO - 127.0.0.1 - - [24/May/2025 10:18:27] "[36mGET /static/style.css HTTP/1.1[0m" 304 -
2025-05-24 10:25:28,801 - INFO - Homepage accessed
2025-05-24 10:25:28,825 - INFO - 127.0.0.1 - - [24/May/2025 10:25:28] "GET / HTTP/1.1" 200 -
2025-05-24 10:25:29,474 - INFO - 127.0.0.1 - - [24/May/2025 10:25:29] "[36mGET /static/style.css HTTP/1.1[0m" 304 -
2025-05-24 10:25:29,518 - INFO - 127.0.0.1 - - [24/May/2025 10:25:29] "GET /static/script.js HTTP/1.1" 200 -
2025-05-24 16:18:05,911 - INFO - Homepage accessed
2025-05-24 16:18:05,921 - INFO - 127.0.0.1 - - [24/May/2025 16:18:05] "GET / HTTP/1.1" 200 -
2025-05-24 16:18:06,036 - INFO - 127.0.0.1 - - [24/May/2025 16:18:06] "GET /static/style.css HTTP/1.1" 200 -
2025-05-24 16:18:06,037 - INFO - 127.0.0.1 - - [24/May/2025 16:18:06] "GET /static/script.js HTTP/1.1" 200 -
2025-05-24 16:18:06,527 - INFO - 127.0.0.1 - - [24/May/2025 16:18:06] "[33mGET /favicon.ico HTTP/1.1[0m" 404 -
2025-05-24 16:18:12,320 - INFO - Received image upload request
2025-05-24 16:18:12,322 - INFO - Successfully decoded base64 image
2025-05-24 16:18:12,322 - INFO - Sending image to OCR endpoint
2025-05-24 16:18:13,928 - INFO - OCR text extracted: ...
2025-05-24 16:18:13,929 - INFO - Sending OCR text to answer endpoint
2025-05-24 16:18:14,577 - ERROR - Answer processing failed with status code: 404
2025-05-24 16:18:14,580 - INFO - 127.0.0.1 - - [24/May/2025 16:18:14] "[35m[1mPOST /upload_image HTTP/1.1[0m" 500 -
2025-05-24 16:19:15,536 - INFO - Homepage accessed
2025-05-24 16:19:15,536 - INFO - 127.0.0.1 - - [24/May/2025 16:19:15] "GET / HTTP/1.1" 200 -
2025-05-24 16:19:15,614 - INFO - 127.0.0.1 - - [24/May/2025 16:19:15] "GET /static/style.css HTTP/1.1" 200 -
2025-05-24 16:19:15,615 - INFO - 127.0.0.1 - - [24/May/2025 16:19:15] "GET /static/script.js HTTP/1.1" 200 -
2025-05-24 16:19:16,007 - INFO - 127.0.0.1 - - [24/May/2025 16:19:16] "[33mGET /favicon.ico HTTP/1.1[0m" 404 -
2025-05-25 01:25:51,424 - INFO - Starting Flask application
2025-05-25 01:25:51,520 - INFO - [31m[1mWARNING: This is a development server. Do not use it in a production deployment. Use a production WSGI server instead.[0m
 * Running on http://127.0.0.1:5000
2025-05-25 01:25:51,521 - INFO - [33mPress CTRL+C to quit[0m
2025-05-25 01:25:51,524 - INFO -  * Restarting with stat
2025-05-25 01:25:51,753 - INFO - Starting Flask application
2025-05-25 01:25:51,767 - WARNING -  * Debugger is active!
2025-05-25 01:25:51,771 - INFO -  * Debugger PIN: 555-510-945
2025-05-25 01:26:08,755 - INFO - Homepage accessed
2025-05-25 01:26:08,762 - INFO - 127.0.0.1 - - [25/May/2025 01:26:08] "GET / HTTP/1.1" 200 -
2025-05-25 01:26:08,926 - INFO - 127.0.0.1 - - [25/May/2025 01:26:08] "GET /static/style.css HTTP/1.1" 200 -
2025-05-25 01:26:08,927 - INFO - 127.0.0.1 - - [25/May/2025 01:26:08] "[36mGET /static/script.js HTTP/1.1[0m" 304 -
2025-05-25 01:26:08,963 - INFO - 127.0.0.1 - - [25/May/2025 01:26:08] "[33mGET /favicon.ico HTTP/1.1[0m" 404 -
2025-05-25 01:26:33,381 - INFO - Received image upload request
2025-05-25 01:26:33,384 - INFO - Successfully decoded base64 image
2025-05-25 01:26:33,384 - INFO - Sending image to OCR endpoint
2025-05-25 01:28:46,774 - ERROR - Error processing request: HTTPConnectionPool(host='35.225.50.125', port=8000): Max retries exceeded with url: /upload_image/ (Caused by ConnectTimeoutError(<urllib3.connection.HTTPConnection object at 0x7d83b43a2380>, 'Connection to 35.225.50.125 timed out. (connect timeout=None)'))
Traceback (most recent call last):
  File "/media/reaper/New Volume/Cheating_App/cheating-app-frontend-flask/.venv/lib/python3.10/site-packages/urllib3/connection.py", line 198, in _new_conn
    sock = connection.create_connection(
  File "/media/reaper/New Volume/Cheating_App/cheating-app-frontend-flask/.venv/lib/python3.10/site-packages/urllib3/util/connection.py", line 85, in create_connection
    raise err
  File "/media/reaper/New Volume/Cheating_App/cheating-app-frontend-flask/.venv/lib/python3.10/site-packages/urllib3/util/connection.py", line 73, in create_connection
    sock.connect(sa)
TimeoutError: [Errno 110] Connection timed out

The above exception was the direct cause of the following exception:

Traceback (most recent call last):
  File "/media/reaper/New Volume/Cheating_App/cheating-app-frontend-flask/.venv/lib/python3.10/site-packages/urllib3/connectionpool.py", line 787, in urlopen
    response = self._make_request(
  File "/media/reaper/New Volume/Cheating_App/cheating-app-frontend-flask/.venv/lib/python3.10/site-packages/urllib3/connectionpool.py", line 493, in _make_request
    conn.request(
  File "/media/reaper/New Volume/Cheating_App/cheating-app-frontend-flask/.venv/lib/python3.10/site-packages/urllib3/connection.py", line 445, in request
    self.endheaders()
  File "/usr/lib/python3.10/http/client.py", line 1278, in endheaders
    self._send_output(message_body, encode_chunked=encode_chunked)
  File "/usr/lib/python3.10/http/client.py", line 1038, in _send_output
    self.send(msg)
  File "/usr/lib/python3.10/http/client.py", line 976, in send
    self.connect()
  File "/media/reaper/New Volume/Cheating_App/cheating-app-frontend-flask/.venv/lib/python3.10/site-packages/urllib3/connection.py", line 276, in connect
    self.sock = self._new_conn()
  File "/media/reaper/New Volume/Cheating_App/cheating-app-frontend-flask/.venv/lib/python3.10/site-packages/urllib3/connection.py", line 207, in _new_conn
    raise ConnectTimeoutError(
urllib3.exceptions.ConnectTimeoutError: (<urllib3.connection.HTTPConnection object at 0x7d83b43a2380>, 'Connection to 35.225.50.125 timed out. (connect timeout=None)')

The above exception was the direct cause of the following exception:

Traceback (most recent call last):
  File "/media/reaper/New Volume/Cheating_App/cheating-app-frontend-flask/.venv/lib/python3.10/site-packages/requests/adapters.py", line 486, in send
    resp = conn.urlopen(
  File "/media/reaper/New Volume/Cheating_App/cheating-app-frontend-flask/.venv/lib/python3.10/site-packages/urllib3/connectionpool.py", line 841, in urlopen
    retries = retries.increment(
  File "/media/reaper/New Volume/Cheating_App/cheating-app-frontend-flask/.venv/lib/python3.10/site-packages/urllib3/util/retry.py", line 519, in increment
    raise MaxRetryError(_pool, url, reason) from reason  # type: ignore[arg-type]
urllib3.exceptions.MaxRetryError: HTTPConnectionPool(host='35.225.50.125', port=8000): Max retries exceeded with url: /upload_image/ (Caused by ConnectTimeoutError(<urllib3.connection.HTTPConnection object at 0x7d83b43a2380>, 'Connection to 35.225.50.125 timed out. (connect timeout=None)'))

During handling of the above exception, another exception occurred:

Traceback (most recent call last):
  File "/media/reaper/New Volume/Cheating_App/cheating-app-frontend-flask/app.py", line 52, in upload_image
    ocr_response = requests.post(f"{API_BASE_URL}/upload_image/", files=files)
  File "/media/reaper/New Volume/Cheating_App/cheating-app-frontend-flask/.venv/lib/python3.10/site-packages/requests/api.py", line 115, in post
    return request("post", url, data=data, json=json, **kwargs)
  File "/media/reaper/New Volume/Cheating_App/cheating-app-frontend-flask/.venv/lib/python3.10/site-packages/requests/api.py", line 59, in request
    return session.request(method=method, url=url, **kwargs)
  File "/media/reaper/New Volume/Cheating_App/cheating-app-frontend-flask/.venv/lib/python3.10/site-packages/requests/sessions.py", line 589, in request
    resp = self.send(prep, **send_kwargs)
  File "/media/reaper/New Volume/Cheating_App/cheating-app-frontend-flask/.venv/lib/python3.10/site-packages/requests/sessions.py", line 703, in send
    r = adapter.send(request, **kwargs)
  File "/media/reaper/New Volume/Cheating_App/cheating-app-frontend-flask/.venv/lib/python3.10/site-packages/requests/adapters.py", line 507, in send
    raise ConnectTimeout(e, request=request)
requests.exceptions.ConnectTimeout: HTTPConnectionPool(host='35.225.50.125', port=8000): Max retries exceeded with url: /upload_image/ (Caused by ConnectTimeoutError(<urllib3.connection.HTTPConnection object at 0x7d83b43a2380>, 'Connection to 35.225.50.125 timed out. (connect timeout=None)'))
2025-05-25 01:28:46,851 - INFO - 127.0.0.1 - - [25/May/2025 01:28:46] "[35m[1mPOST /upload_image HTTP/1.1[0m" 500 -
2025-05-25 01:35:35,341 - INFO - Starting Flask application
2025-05-25 01:35:35,403 - INFO - [31m[1mWARNING: This is a development server. Do not use it in a production deployment. Use a production WSGI server instead.[0m
 * Running on http://127.0.0.1:5000
2025-05-25 01:35:35,403 - INFO - [33mPress CTRL+C to quit[0m
2025-05-25 01:35:35,404 - INFO -  * Restarting with stat
2025-05-25 01:35:35,608 - INFO - Starting Flask application
2025-05-25 01:35:35,620 - WARNING -  * Debugger is active!
2025-05-25 01:35:35,622 - INFO -  * Debugger PIN: 555-510-945
2025-05-25 01:35:51,503 - INFO - Homepage accessed
2025-05-25 01:35:51,519 - INFO - 127.0.0.1 - - [25/May/2025 01:35:51] "GET / HTTP/1.1" 200 -
2025-05-25 01:35:51,699 - INFO - 127.0.0.1 - - [25/May/2025 01:35:51] "GET /static/script.js HTTP/1.1" 200 -
2025-05-25 01:35:51,702 - INFO - 127.0.0.1 - - [25/May/2025 01:35:51] "GET /static/style.css HTTP/1.1" 200 -
2025-05-25 01:35:51,902 - INFO - 127.0.0.1 - - [25/May/2025 01:35:51] "GET /static/script.js HTTP/1.1" 200 -
2025-05-25 01:36:35,167 - INFO - Received image upload request
2025-05-25 01:36:35,177 - INFO - Successfully decoded base64 image
2025-05-25 01:36:35,177 - INFO - Sending image to OCR endpoint
2025-05-25 01:38:41,055 - INFO - Homepage accessed
2025-05-25 01:38:41,056 - INFO - 127.0.0.1 - - [25/May/2025 01:38:41] "GET / HTTP/1.1" 200 -
2025-05-25 01:38:41,288 - INFO - 127.0.0.1 - - [25/May/2025 01:38:41] "GET /static/style.css HTTP/1.1" 200 -
2025-05-25 01:38:41,290 - INFO - 127.0.0.1 - - [25/May/2025 01:38:41] "GET /static/script.js HTTP/1.1" 200 -
2025-05-25 01:38:41,518 - INFO - 127.0.0.1 - - [25/May/2025 01:38:41] "GET /static/script.js HTTP/1.1" 200 -
2025-05-25 01:38:41,556 - INFO - 127.0.0.1 - - [25/May/2025 01:38:41] "[33mGET /favicon.ico HTTP/1.1[0m" 404 -
2025-05-25 01:38:48,885 - ERROR - Error processing request: HTTPConnectionPool(host='35.225.50.125', port=8000): Max retries exceeded with url: /upload_image/ (Caused by ConnectTimeoutError(<urllib3.connection.HTTPConnection object at 0x723904daed40>, 'Connection to 35.225.50.125 timed out. (connect timeout=None)'))
Traceback (most recent call last):
  File "/media/reaper/New Volume/Cheating_App/cheating-app-frontend-flask/.venv/lib/python3.10/site-packages/urllib3/connection.py", line 198, in _new_conn
    sock = connection.create_connection(
  File "/media/reaper/New Volume/Cheating_App/cheating-app-frontend-flask/.venv/lib/python3.10/site-packages/urllib3/util/connection.py", line 85, in create_connection
    raise err
  File "/media/reaper/New Volume/Cheating_App/cheating-app-frontend-flask/.venv/lib/python3.10/site-packages/urllib3/util/connection.py", line 73, in create_connection
    sock.connect(sa)
TimeoutError: [Errno 110] Connection timed out

The above exception was the direct cause of the following exception:

Traceback (most recent call last):
  File "/media/reaper/New Volume/Cheating_App/cheating-app-frontend-flask/.venv/lib/python3.10/site-packages/urllib3/connectionpool.py", line 787, in urlopen
    response = self._make_request(
  File "/media/reaper/New Volume/Cheating_App/cheating-app-frontend-flask/.venv/lib/python3.10/site-packages/urllib3/connectionpool.py", line 493, in _make_request
    conn.request(
  File "/media/reaper/New Volume/Cheating_App/cheating-app-frontend-flask/.venv/lib/python3.10/site-packages/urllib3/connection.py", line 445, in request
    self.endheaders()
  File "/usr/lib/python3.10/http/client.py", line 1278, in endheaders
    self._send_output(message_body, encode_chunked=encode_chunked)
  File "/usr/lib/python3.10/http/client.py", line 1038, in _send_output
    self.send(msg)
  File "/usr/lib/python3.10/http/client.py", line 976, in send
    self.connect()
  File "/media/reaper/New Volume/Cheating_App/cheating-app-frontend-flask/.venv/lib/python3.10/site-packages/urllib3/connection.py", line 276, in connect
    self.sock = self._new_conn()
  File "/media/reaper/New Volume/Cheating_App/cheating-app-frontend-flask/.venv/lib/python3.10/site-packages/urllib3/connection.py", line 207, in _new_conn
    raise ConnectTimeoutError(
urllib3.exceptions.ConnectTimeoutError: (<urllib3.connection.HTTPConnection object at 0x723904daed40>, 'Connection to 35.225.50.125 timed out. (connect timeout=None)')

The above exception was the direct cause of the following exception:

Traceback (most recent call last):
  File "/media/reaper/New Volume/Cheating_App/cheating-app-frontend-flask/.venv/lib/python3.10/site-packages/requests/adapters.py", line 486, in send
    resp = conn.urlopen(
  File "/media/reaper/New Volume/Cheating_App/cheating-app-frontend-flask/.venv/lib/python3.10/site-packages/urllib3/connectionpool.py", line 841, in urlopen
    retries = retries.increment(
  File "/media/reaper/New Volume/Cheating_App/cheating-app-frontend-flask/.venv/lib/python3.10/site-packages/urllib3/util/retry.py", line 519, in increment
    raise MaxRetryError(_pool, url, reason) from reason  # type: ignore[arg-type]
urllib3.exceptions.MaxRetryError: HTTPConnectionPool(host='35.225.50.125', port=8000): Max retries exceeded with url: /upload_image/ (Caused by ConnectTimeoutError(<urllib3.connection.HTTPConnection object at 0x723904daed40>, 'Connection to 35.225.50.125 timed out. (connect timeout=None)'))

During handling of the above exception, another exception occurred:

Traceback (most recent call last):
  File "/media/reaper/New Volume/Cheating_App/cheating-app-frontend-flask/app.py", line 52, in upload_image
    ocr_response = requests.post(f"{API_BASE_URL}/upload_image/", files=files)
  File "/media/reaper/New Volume/Cheating_App/cheating-app-frontend-flask/.venv/lib/python3.10/site-packages/requests/api.py", line 115, in post
    return request("post", url, data=data, json=json, **kwargs)
  File "/media/reaper/New Volume/Cheating_App/cheating-app-frontend-flask/.venv/lib/python3.10/site-packages/requests/api.py", line 59, in request
    return session.request(method=method, url=url, **kwargs)
  File "/media/reaper/New Volume/Cheating_App/cheating-app-frontend-flask/.venv/lib/python3.10/site-packages/requests/sessions.py", line 589, in request
    resp = self.send(prep, **send_kwargs)
  File "/media/reaper/New Volume/Cheating_App/cheating-app-frontend-flask/.venv/lib/python3.10/site-packages/requests/sessions.py", line 703, in send
    r = adapter.send(request, **kwargs)
  File "/media/reaper/New Volume/Cheating_App/cheating-app-frontend-flask/.venv/lib/python3.10/site-packages/requests/adapters.py", line 507, in send
    raise ConnectTimeout(e, request=request)
requests.exceptions.ConnectTimeout: HTTPConnectionPool(host='35.225.50.125', port=8000): Max retries exceeded with url: /upload_image/ (Caused by ConnectTimeoutError(<urllib3.connection.HTTPConnection object at 0x723904daed40>, 'Connection to 35.225.50.125 timed out. (connect timeout=None)'))
2025-05-25 01:38:48,943 - INFO - 127.0.0.1 - - [25/May/2025 01:38:48] "[35m[1mPOST /upload_image HTTP/1.1[0m" 500 -
2025-05-25 01:39:25,994 - INFO - Homepage accessed
2025-05-25 01:39:25,994 - INFO - 127.0.0.1 - - [25/May/2025 01:39:25] "GET / HTTP/1.1" 200 -
2025-05-25 01:39:26,136 - INFO - 127.0.0.1 - - [25/May/2025 01:39:26] "GET /static/style.css HTTP/1.1" 200 -
2025-05-25 01:39:26,145 - INFO - 127.0.0.1 - - [25/May/2025 01:39:26] "GET /static/script.js HTTP/1.1" 200 -
2025-05-25 01:39:26,327 - INFO - 127.0.0.1 - - [25/May/2025 01:39:26] "[36mGET /static/script.js HTTP/1.1[0m" 304 -
2025-05-25 01:39:26,612 - INFO - 127.0.0.1 - - [25/May/2025 01:39:26] "[33mGET /favicon.ico HTTP/1.1[0m" 404 -
2025-05-25 01:43:43,753 - INFO - Homepage accessed
2025-05-25 01:43:43,754 - INFO - 127.0.0.1 - - [25/May/2025 01:43:43] "GET / HTTP/1.1" 200 -
2025-05-25 01:43:43,892 - INFO - 127.0.0.1 - - [25/May/2025 01:43:43] "GET /static/script.js HTTP/1.1" 200 -
2025-05-25 01:43:43,895 - INFO - 127.0.0.1 - - [25/May/2025 01:43:43] "GET /static/style.css HTTP/1.1" 200 -
2025-05-25 01:43:43,963 - INFO - 127.0.0.1 - - [25/May/2025 01:43:43] "GET /static/script.js HTTP/1.1" 200 -
2025-05-25 01:43:44,289 - INFO - 127.0.0.1 - - [25/May/2025 01:43:44] "[33mGET /favicon.ico HTTP/1.1[0m" 404 -
2025-05-25 01:45:15,469 - INFO -  * Detected change in '/media/reaper/New Volume/Cheating_App/cheating-app-frontend-flask/app.py', reloading
2025-05-25 01:45:15,614 - INFO -  * Restarting with stat
2025-05-25 01:48:01,988 - INFO - Starting Flask application
2025-05-25 01:48:02,113 - INFO - [31m[1mWARNING: This is a development server. Do not use it in a production deployment. Use a production WSGI server instead.[0m
 * Running on all addresses (0.0.0.0)
 * Running on http://127.0.0.1:5000
 * Running on http://192.168.0.8:5000
2025-05-25 01:48:02,113 - INFO - [33mPress CTRL+C to quit[0m
2025-05-25 01:48:02,114 - INFO -  * Restarting with stat
2025-05-25 01:48:02,311 - INFO - Starting Flask application
2025-05-25 01:48:02,324 - WARNING -  * Debugger is active!
2025-05-25 01:48:02,324 - INFO -  * Debugger PIN: 555-510-945
2025-05-25 01:48:04,403 - INFO - Homepage accessed
2025-05-25 01:48:04,410 - INFO - 127.0.0.1 - - [25/May/2025 01:48:04] "GET / HTTP/1.1" 200 -
2025-05-25 01:48:04,536 - INFO - 127.0.0.1 - - [25/May/2025 01:48:04] "GET /static/script.js HTTP/1.1" 200 -
2025-05-25 01:48:04,540 - INFO - 127.0.0.1 - - [25/May/2025 01:48:04] "GET /static/style.css HTTP/1.1" 200 -
2025-05-25 01:48:04,572 - INFO - 127.0.0.1 - - [25/May/2025 01:48:04] "GET /static/script.js HTTP/1.1" 200 -
2025-05-25 01:48:04,930 - INFO - 127.0.0.1 - - [25/May/2025 01:48:04] "[33mGET /favicon.ico HTTP/1.1[0m" 404 -
2025-05-25 01:50:17,501 - INFO - Starting Flask application
2025-05-25 01:50:17,747 - INFO - [31m[1mWARNING: This is a development server. Do not use it in a production deployment. Use a production WSGI server instead.[0m
 * Running on all addresses (0.0.0.0)
 * Running on http://127.0.0.1:5000
 * Running on http://192.168.0.8:5000
2025-05-25 01:50:17,747 - INFO - [33mPress CTRL+C to quit[0m
2025-05-25 01:50:17,749 - INFO -  * Restarting with stat
2025-05-25 01:50:20,297 - INFO - Starting Flask application
2025-05-25 01:50:20,467 - WARNING -  * Debugger is active!
2025-05-25 01:50:20,479 - INFO -  * Debugger PIN: 361-292-236
2025-05-25 02:14:07,873 - INFO - Starting Flask application
2025-05-25 02:14:07,908 - INFO - [31m[1mWARNING: This is a development server. Do not use it in a production deployment. Use a production WSGI server instead.[0m
 * Running on all addresses (0.0.0.0)
 * Running on http://127.0.0.1:5000
 * Running on http://192.168.0.8:5000
2025-05-25 02:14:07,909 - INFO - [33mPress CTRL+C to quit[0m
2025-05-25 02:14:07,910 - INFO -  * Restarting with stat
2025-05-25 02:14:08,134 - INFO - Starting Flask application
2025-05-25 02:14:08,150 - WARNING -  * Debugger is active!
2025-05-25 02:14:08,235 - INFO -  * Debugger PIN: 135-721-315
2025-05-25 02:14:51,169 - INFO - Homepage accessed
2025-05-25 02:14:51,189 - INFO - 127.0.0.1 - - [25/May/2025 02:14:51] "GET / HTTP/1.1" 200 -
2025-05-25 02:14:51,943 - INFO - 127.0.0.1 - - [25/May/2025 02:14:51] "GET /static/style.css HTTP/1.1" 200 -
2025-05-25 02:14:51,969 - INFO - 127.0.0.1 - - [25/May/2025 02:14:51] "GET /static/script.js HTTP/1.1" 200 -
2025-05-25 02:14:52,732 - INFO - 127.0.0.1 - - [25/May/2025 02:14:52] "[33mGET /favicon.ico HTTP/1.1[0m" 404 -
2025-05-25 02:15:13,037 - INFO - Homepage accessed
2025-05-25 02:15:13,040 - INFO - 127.0.0.1 - - [25/May/2025 02:15:13] "GET / HTTP/1.1" 200 -
2025-05-25 02:15:13,596 - INFO - 127.0.0.1 - - [25/May/2025 02:15:13] "[36mGET /static/script.js HTTP/1.1[0m" 304 -
2025-05-25 02:15:13,930 - INFO - 127.0.0.1 - - [25/May/2025 02:15:13] "[36mGET /static/style.css HTTP/1.1[0m" 304 -
2025-05-25 02:16:04,236 - INFO - Homepage accessed
2025-05-25 02:16:04,240 - INFO - 127.0.0.1 - - [25/May/2025 02:16:04] "GET / HTTP/1.1" 200 -
2025-05-25 02:16:04,691 - INFO - 127.0.0.1 - - [25/May/2025 02:16:04] "[36mGET /static/style.css HTTP/1.1[0m" 304 -
2025-05-25 02:16:05,007 - INFO - 127.0.0.1 - - [25/May/2025 02:16:05] "GET /static/script.js HTTP/1.1" 200 -
2025-05-25 02:16:10,735 - INFO - Homepage accessed
2025-05-25 02:16:10,738 - INFO - 127.0.0.1 - - [25/May/2025 02:16:10] "GET / HTTP/1.1" 200 -
2025-05-25 02:16:11,359 - INFO - 127.0.0.1 - - [25/May/2025 02:16:11] "[36mGET /static/style.css HTTP/1.1[0m" 304 -
2025-05-25 02:16:11,407 - INFO - 127.0.0.1 - - [25/May/2025 02:16:11] "[36mGET /static/script.js HTTP/1.1[0m" 304 -
2025-05-25 02:16:20,310 - INFO - Homepage accessed
2025-05-25 02:16:20,313 - INFO - 127.0.0.1 - - [25/May/2025 02:16:20] "GET / HTTP/1.1" 200 -
2025-05-25 02:16:20,729 - INFO - 127.0.0.1 - - [25/May/2025 02:16:20] "[36mGET /static/style.css HTTP/1.1[0m" 304 -
2025-05-25 02:16:20,776 - INFO - 127.0.0.1 - - [25/May/2025 02:16:20] "[36mGET /static/script.js HTTP/1.1[0m" 304 -
2025-05-25 02:17:55,999 - INFO - Homepage accessed
2025-05-25 02:17:56,002 - INFO - 127.0.0.1 - - [25/May/2025 02:17:56] "GET / HTTP/1.1" 200 -
2025-05-25 02:17:56,204 - INFO - 127.0.0.1 - - [25/May/2025 02:17:56] "[36mGET /static/style.css HTTP/1.1[0m" 304 -
2025-05-25 02:17:56,247 - INFO - 127.0.0.1 - - [25/May/2025 02:17:56] "GET /static/script.js HTTP/1.1" 200 -
2025-05-25 02:18:01,524 - INFO - Homepage accessed
2025-05-25 02:18:01,527 - INFO - 127.0.0.1 - - [25/May/2025 02:18:01] "GET / HTTP/1.1" 200 -
2025-05-25 02:18:02,182 - INFO - 127.0.0.1 - - [25/May/2025 02:18:02] "[36mGET /static/style.css HTTP/1.1[0m" 304 -
2025-05-25 02:18:02,227 - INFO - 127.0.0.1 - - [25/May/2025 02:18:02] "[36mGET /static/script.js HTTP/1.1[0m" 304 -
2025-05-25 02:19:02,454 - INFO - Starting Flask application
2025-05-25 02:19:02,473 - INFO - [31m[1mWARNING: This is a development server. Do not use it in a production deployment. Use a production WSGI server instead.[0m
 * Running on all addresses (0.0.0.0)
 * Running on http://127.0.0.1:5000
 * Running on http://192.168.0.8:5000
2025-05-25 02:19:02,474 - INFO - [33mPress CTRL+C to quit[0m
2025-05-25 02:19:02,475 - INFO -  * Restarting with stat
2025-05-25 02:19:02,684 - INFO - Starting Flask application
2025-05-25 02:19:02,701 - WARNING -  * Debugger is active!
2025-05-25 02:19:02,701 - INFO -  * Debugger PIN: 135-721-315
2025-05-25 02:19:06,876 - INFO - Homepage accessed
2025-05-25 02:19:06,884 - INFO - 127.0.0.1 - - [25/May/2025 02:19:06] "GET / HTTP/1.1" 200 -
2025-05-25 02:19:07,529 - INFO - 127.0.0.1 - - [25/May/2025 02:19:07] "[36mGET /static/style.css HTTP/1.1[0m" 304 -
2025-05-25 02:19:07,559 - INFO - 127.0.0.1 - - [25/May/2025 02:19:07] "[36mGET /static/script.js HTTP/1.1[0m" 304 -
2025-05-25 02:19:30,700 - INFO - Homepage accessed
2025-05-25 02:19:30,701 - INFO - 127.0.0.1 - - [25/May/2025 02:19:30] "GET / HTTP/1.1" 200 -
2025-05-25 02:19:30,799 - INFO - 127.0.0.1 - - [25/May/2025 02:19:30] "GET /static/style.css HTTP/1.1" 200 -
2025-05-25 02:19:30,805 - INFO - 127.0.0.1 - - [25/May/2025 02:19:30] "GET /static/script.js HTTP/1.1" 200 -
2025-05-25 02:19:30,908 - INFO - 127.0.0.1 - - [25/May/2025 02:19:30] "[33mGET /favicon.ico HTTP/1.1[0m" 404 -
2025-05-25 02:21:27,346 - INFO - Homepage accessed
2025-05-25 02:21:27,350 - INFO - 127.0.0.1 - - [25/May/2025 02:21:27] "GET / HTTP/1.1" 200 -
2025-05-25 02:21:27,969 - INFO - 127.0.0.1 - - [25/May/2025 02:21:27] "[36mGET /static/script.js HTTP/1.1[0m" 304 -
2025-05-25 02:21:28,012 - INFO - 127.0.0.1 - - [25/May/2025 02:21:28] "[36mGET /static/style.css HTTP/1.1[0m" 304 -
2025-05-25 02:22:36,061 - INFO - Homepage accessed
2025-05-25 02:22:36,064 - INFO - 192.168.0.10 - - [25/May/2025 02:22:36] "GET / HTTP/1.1" 200 -
2025-05-25 02:22:36,677 - INFO - 192.168.0.10 - - [25/May/2025 02:22:36] "GET /static/style.css HTTP/1.1" 200 -
2025-05-25 02:22:36,680 - INFO - 192.168.0.10 - - [25/May/2025 02:22:36] "GET /static/script.js HTTP/1.1" 200 -
2025-05-25 02:22:42,614 - INFO - 192.168.0.10 - - [25/May/2025 02:22:42] "[33mGET /favicon.ico HTTP/1.1[0m" 404 -
2025-05-25 02:22:47,733 - INFO - Homepage accessed
2025-05-25 02:22:47,736 - INFO - 192.168.0.10 - - [25/May/2025 02:22:47] "GET / HTTP/1.1" 200 -
2025-05-25 02:22:47,797 - INFO - 192.168.0.10 - - [25/May/2025 02:22:47] "[36mGET /static/style.css HTTP/1.1[0m" 304 -
2025-05-25 02:22:47,799 - INFO - 192.168.0.10 - - [25/May/2025 02:22:47] "[36mGET /static/script.js HTTP/1.1[0m" 304 -
2025-05-24 21:26:02,345 - INFO - [31m[1mWARNING: This is a development server. Do not use it in a production deployment. Use a production WSGI server instead.[0m
 * Running on all addresses (0.0.0.0)
 * Running on http://127.0.0.1:5000
 * Running on http://172.18.0.2:5000
2025-05-24 21:26:02,346 - INFO - [33mPress CTRL+C to quit[0m
2025-05-24 21:26:39,638 - ERROR - 172.18.0.1 - - [24/May/2025 21:26:39] code 400, message Bad request version ('√û√ã√¨D\x14¬∫\x00"\x13\x01\x13\x03\x13\x02√Ä+√Ä/√å¬©√å¬®√Ä,√Ä0√Ä')
2025-05-24 21:26:39,639 - INFO - 172.18.0.1 - - [24/May/2025 21:26:39] "[31m[1m\x16\x03\x01\x07a\x01\x00\x07]\x03\x03√ã\x13x\x82'\x01&S\x8e\x1b¬≥X√ÇZ¬∏4√Ü\x14z\x99√û?(\x7f\x9e+√ï√≠!X√ê¬¶ %8¬∞2YZ\x80√ìa|/\x87I¬£[\x8fUi√£|Z\x99√Å@√û\x09√û√ã√¨D\x14¬∫\x00"\x13\x01\x13\x03\x13\x02√Ä+√Ä/√å¬©√å¬®√Ä,√Ä0√Ä[0m" 400 -
2025-05-24 21:26:39,657 - ERROR - 172.18.0.1 - - [24/May/2025 21:26:39] code 400, message Bad HTTP/0.9 request type ('\x16\x03\x01\x07a\x01\x00\x07]\x03\x03\x92√î)√Ö√ºU{')
2025-05-24 21:26:39,658 - INFO - 172.18.0.1 - - [24/May/2025 21:26:39] "[31m[1m\x16\x03\x01\x07a\x01\x00\x07]\x03\x03\x92√î)√Ö√ºU{\x1fQ√ê\x89\x12\x99\x9a√ª}¬®_[0m" 400 -
2025-05-24 21:26:39,675 - ERROR - 172.18.0.1 - - [24/May/2025 21:26:39] code 400, message Bad request version ('√†¬™\x0fi\x8e"√ó√∫I√ß¬™8`√Ç¬≥√ß\x00"\x13\x01\x13\x03\x13\x02√Ä+√Ä/√å¬©√å¬®√Ä,√Ä0√Ä')
2025-05-24 21:26:39,676 - INFO - 172.18.0.1 - - [24/May/2025 21:26:39] "[31m[1m\x16\x03\x01\x07a\x01\x00\x07]\x03\x03\x02¬∂√îT\x11√≤√æ\x8492√í\x01r¬¥9¬∞√î√äeZ%\x94¬µ#O\x9e√É\x8e(b√±4 \\\x12√¶:K=;¬ø√∏*√º√Ωo#\\\x0c√†¬™\x0fi\x8e"√ó√∫I√ß¬™8`√Ç¬≥√ß\x00"\x13\x01\x13\x03\x13\x02√Ä+√Ä/√å¬©√å¬®√Ä,√Ä0√Ä[0m" 400 -
2025-05-24 21:26:39,678 - ERROR - 172.18.0.1 - - [24/May/2025 21:26:39] code 400, message Bad request version ('.√∑√ñ¬º√ø\x83√±√£\x86√âb√†b\x00"\x13\x01\x13\x03\x13\x02√Ä+√Ä/√å¬©√å¬®√Ä,√Ä0√Ä')
2025-05-24 21:26:39,678 - INFO - 172.18.0.1 - - [24/May/2025 21:26:39] "[31m[1m\x16\x03\x01\x02\x90\x01\x00\x02\x8c\x03\x03√ù\x96\x0d√≥BlJ\x90;n¬§√∏\x9d√Ñ√æ√†\x1d√∑¬≥\x8e√â√ü√¶C\x84n√≤¬£C\x99~\x82 7√ç√ö√ç\x0f{√ÖU\x90√æ¬¢\x9a7√ª√π√ô√∂√≠¬†.√∑√ñ¬º√ø\x83√±√£\x86√âb√†b\x00"\x13\x01\x13\x03\x13\x02√Ä+√Ä/√å¬©√å¬®√Ä,√Ä0√Ä[0m" 400 -
2025-05-24 21:29:23,378 - ERROR - 172.18.0.1 - - [24/May/2025 21:29:23] code 400, message Bad request version ('Zx;~S07¬©\x88¬§f¬§\x18√Å>√Ω(\x0f)\x1a√ó')
2025-05-24 21:29:23,379 - INFO - 172.18.0.1 - - [24/May/2025 21:29:23] "[31m[1m\x16\x03\x01\x07\x12\x01\x00\x07\x0e\x03\x03\x86\x13'¬±\x87√∞r√új\x0ddS¬≤\x8ak\x9f√π\x1c√ò√≠¬∂\x8d\x13¬•¬®vw\x13√°\x9f¬µ\x80 &\x07\x1eZx;~S07¬©\x88¬§f¬§\x18√Å>√Ω(\x0f)\x1a√ó[0m" 400 -
2025-05-24 21:29:23,379 - ERROR - 172.18.0.1 - - [24/May/2025 21:29:23] code 400, message Bad request version ('√≠\x9a¬•W\x14J\x8d√•¬Æ√Ø\x16')
2025-05-24 21:29:23,381 - INFO - 172.18.0.1 - - [24/May/2025 21:29:23] "[31m[1m\x16\x03\x01\x06√í\x01\x00\x06√é\x03\x03\x14√ê\x96√ß¬Æ@√å.o\x08√ê √õ√∑u√Æ\x8d\x8d¬§\x1e¬±\x19.KK\x1d\x95√ÑK√ä√ös \x9a√ê¬§$¬´¬±\x1b¬≤¬º√õ√∫ZD\x97t\x1d¬≥√°√≥\x9f√ê√¨¬¢¬™\x0e#√ø\x02¬§\x0d@√´\x00 ¬™¬™\x13\x01\x13\x02\x13\x03√Ä+√Ä/√Ä,√Ä0√å¬©√å¬®√Ä\x13√Ä\x14\x00\x9c\x00\x9d\x00/\x005\x01\x00\x06e**\x00\x00\x00\x05\x00\x05\x01\x00\x00\x00\x00\x003\x04√Ø\x04√≠**\x00\x01\x00\x11√¨\x04√Ä\x8f5mo$\x16¬®7@√ñ\x97\x98=\x07\x9a¬™¬¢\x9ff|b√ç\x98¬∏\x90¬´w:$V>√¶\x092\x15\x14lc\x13#\x84D*\x93√é√ô√ä√Ö√®9C\x95¬∂=Vc\x8a√ö√¶%n¬™D"\x1b~√ü'\x8ab8\x193+M√å¬º¬∂!T\x882√¨\\√ñ\x11√é√ãD¬¢\x9bE√è¬©\x07\x0eCt*√â\x81vm√ãY\x85#!\x1f")?√¶√Ük\x05W¬´√¥\x1fW\x88g¬§¬¢¬ª\x17¬®*√ãu√Å7tP:¬§\x9d\x1eFU√Üc¬¥√û\x89P\x15√ë\x1c"\x09H?<¬º\x94y\x04\x9d\x88U\x18¬¢n√ñ√å\x93¬±√º\x99¬©¬£6¬∂\x97}\x15\x81$\x14;D√ô√ã\x83<j√é\x7f<¬¶√æ√¢\x04\x1d√õ√â\x13√äM√ü\x08√Ü√áf\x185¬∞-\x05√µ\x926√©\x10\x91\x99cHV\x02\x7f\x88¬π¬†R√Ä√®¬¶\x0ed0\x16\x99√î\x09√≠\x9a¬•W\x14J\x8d√•¬Æ√Ø\x16[0m" 400 -
2025-05-24 21:29:23,382 - ERROR - 172.18.0.1 - - [24/May/2025 21:29:23] code 400, message Bad request version ('√ä√ä\x13\x01\x13\x02\x13\x03√Ä+√Ä/√Ä,√Ä0√å¬©√å¬®√Ä\x13√Ä\x14\x00\x9c\x00\x9d\x00/\x005\x01\x00\x06E¬™¬™\x00\x00\x00\x17\x00\x00\x00-\x00\x02\x01\x01\x00')
2025-05-24 21:29:23,382 - INFO - 172.18.0.1 - - [24/May/2025 21:29:23] "[31m[1m\x16\x03\x01\x06¬≤\x01\x00\x06¬Æ\x03\x037¬Ø2\x0b√ù¬¢|z\x83¬∫S:bV¬™\x0c\x16\x18{√ì0\x12√ç√ûZG@√∞√âd√Ñ√® K√µ\x09Xb¬Ω√•Z¬≤&`6\x02√Å√†¬∫h√üy√ß¬∑¬£\x8epZ¬•√±:0\x9c¬≠\x8b\x00 √ä√ä\x13\x01\x13\x02\x13\x03√Ä+√Ä/√Ä,√Ä0√å¬©√å¬®√Ä\x13√Ä\x14\x00\x9c\x00\x9d\x00/\x005\x01\x00\x06E¬™¬™\x00\x00\x00\x17\x00\x00\x00-\x00\x02\x01\x01\x00[0m" 400 -
2025-05-24 21:29:23,383 - ERROR - 172.18.0.1 - - [24/May/2025 21:29:23] code 400, message Bad request version ('\x00\x02\x01\x00\x00\x05\x00\x05\x01\x00\x00\x00\x00\x00\x17\x00\x00\x00')
2025-05-24 21:29:23,384 - INFO - 172.18.0.1 - - [24/May/2025 21:29:23] "[31m[1m\x16\x03\x01\x06√≤\x01\x00\x06√Æ\x03\x03¬≠0_√ò\x01$\x01%Hl¬´\x0fi~k¬™√Ä{√¶W√•w√ö\x877@e¬ø\x10+√≠√Ω $B√≤\x1e\x99√Ø√≥fD√†√Å√´`¬±¬øg\x9d&¬≥√º√£?√Ωi√¢√°√í√ô\x82J<Y\x00 **\x13\x01\x13\x02\x13\x03√Ä+√Ä/√Ä,√Ä0√å¬©√å¬®√Ä\x13√Ä\x14\x00\x9c\x00\x9d\x00/\x005\x01\x00\x06\x85\x8a\x8a\x00\x00\x00\x0b\x00\x02\x01\x00\x00\x05\x00\x05\x01\x00\x00\x00\x00\x00\x17\x00\x00\x00[0m" 400 -
2025-05-24 21:29:50,241 - ERROR - 172.18.0.1 - - [24/May/2025 21:29:50] code 400, message Bad request version ('√î9√Æ√≥9Y¬ΩT"\x89x\x80]√ê¬∑Y√Å')
2025-05-24 21:29:50,242 - INFO - 172.18.0.1 - - [24/May/2025 21:29:50] "[31m[1m\x16\x03\x01\x06¬†\x01\x00\x06\x9c\x03\x03√úPO\x95√ã¬π√âX\x93√ï¬¥\x00¬†¬£H√µ√â.j¬∞\x07\x03g\x94\x118√â!=\x9d\x85¬≥ √î9√Æ√≥9Y¬ΩT"\x89x\x80]√ê¬∑Y√Å[0m" 400 -
2025-05-24 21:29:50,244 - ERROR - 172.18.0.1 - - [24/May/2025 21:29:50] code 400, message Bad request version ('0\x97\x9c\x18√é')
2025-05-24 21:29:50,245 - INFO - 172.18.0.1 - - [24/May/2025 21:29:50] "[31m[1m\x16\x03\x01\x07\x00\x01\x00\x06√º\x03\x03\x1f\x11O\x83e¬π√°√≠\x84\x7f\x1d\x13Q\x1ay\x1f0\x97\x9c\x18√é[0m" 400 -
2025-05-24 21:29:50,248 - ERROR - 172.18.0.1 - - [24/May/2025 21:29:50] code 400, message Bad request version ('√ê,¬™D)8√®\x91\x08W^\x0f¬´&\x9c√∑√Ü√´√¨&\x8a|a\x81\x05N√°√¶>¬π\x87\x17\x80fH√î|b√ª¬∂¬ª√å\x80!GP')
2025-05-24 21:29:50,249 - INFO - 172.18.0.1 - - [24/May/2025 21:29:50] "[31m[1m\x16\x03\x01\x06¬†\x01\x00\x06\x9c\x03\x03\x88<√¨<V0\x9e√é√ÑP√≥v¬º¬º\x1b√º\x98√º\x11√í√ø\x83R¬©V¬∂¬¥\x9b\x86√í\x07¬® ;B\x08?√í√ª\x9a√â√Ø\x87\x98\\|O&T\x06√ù√è√æ¬∫√ã_\x1fE.√à√äfh√¢√ò\x00 ¬™¬™\x13\x01\x13\x02\x13\x03√Ä+√Ä/√Ä,√Ä0√å¬©√å¬®√Ä\x13√Ä\x14\x00\x9c\x00\x9d\x00/\x005\x01\x00\x063√∫√∫\x00\x00\x00\x12\x00\x00D√ç\x00\x05\x00\x03\x02h2\x00\x17\x00\x00\x00\x0b\x00\x02\x01\x00\x00\x0d\x00\x12\x00\x10\x04\x03\x08\x04\x04\x01\x05\x03\x08\x05\x05\x01\x08\x06\x06\x01\x00\x1b\x00\x03\x02\x00\x02\x00+\x00\x07\x06jj\x03\x04\x03\x03\x00-\x00\x02\x01\x01\x00#\x00\x00√ø\x01\x00\x01\x00\x003\x04√Ø\x04√≠√™√™\x00\x01\x00\x11√¨\x04√Ä/y\x05X\x89E√ñ\x14√âM\x14[[cy¬¶√í5d\x00x¬´\x89\x06√Éc¬∂\x0c\x06\x14√¶\x09t\x94√ú[+\x95\x8bs\x96y√îtIh\x94)w\x9c¬∞&K√Ñ√®7EkV√çh¬ªz\x19\x8bW¬≠4√è¬≠¬°\x9f9\x8c√Ñ\x92A¬¢H\x07\x19¬´\x96N√≠W\x9a√¥¬¥\x0b\x16¬∂¬¨Ma¬º√ö√¢√Él√ô\x9b\x1e√ê,¬™D)8√®\x91\x08W^\x0f¬´&\x9c√∑√Ü√´√¨&\x8a|a\x81\x05N√°√¶>¬π\x87\x17\x80fH√î|b√ª¬∂¬ª√å\x80!GP[0m" 400 -
2025-05-24 21:29:50,251 - ERROR - 172.18.0.1 - - [24/May/2025 21:29:50] code 400, message Bad request version ('√¶√è√ç7`>√∞\x13¬™√∞')
2025-05-24 21:29:50,252 - INFO - 172.18.0.1 - - [24/May/2025 21:29:50] "[31m[1m\x16\x03\x01\x07\x00\x01\x00\x06√º\x03\x03\x95\x0e&?¬≠\x85√ä \x98\x90√ü√∞¬¨\x89\x8d\x11<@√Ø√ùt¬ø0\x98H¬©√õkj√â√øs \x97¬≥\\\x10i\x00/u\x1a¬Ø√™\x96/d√©\x16√å√µ¬¢¬π¬§m¬®!\x01\x9b√¶i,\x88√§P\x00 \x8a\x8a\x13\x01\x13\x02\x13\x03√Ä+√Ä/√Ä,√Ä0√å¬©√å¬®√Ä\x13√Ä\x14\x00\x9c\x00\x9d\x00/\x005\x01\x00\x06\x93√ä√ä\x00\x00\x00#\x00\x00\x00\x12\x00\x00\x00\x05\x00\x05\x01\x00\x00\x00\x00\x00\x0d\x00\x12\x00\x10\x04\x03\x08\x04\x04\x01\x05\x03\x08\x05\x05\x01\x08\x06\x06\x01\x003\x04√Ø\x04√≠\x9a\x9a\x00\x01\x00\x11√¨\x04√ÄWBu√Å\x00c¬º$]¬Ø¬±¬ø¬¶√¥\x01√É√¶¬∂¬æ\x92\x97√≠\x1cn\x15c¬∂\x06√∑m\x9b√ëd\x1f\x13\x94k√úMf¬†,s\x98¬≤\x89\x10\x93%\x03Z√º\x06\x8f\\√â¬¨\x96¬ß"√ïC~K\x8a\x0f\x82*¬∏=qfki_8√™\x1aA¬¶¬£\x96)%7√≤G8{√ça0\x12√ëc\x98X√ì\x0b¬æp¬©√ê \x9c\x0b√î\x03√¨[(¬™5>El¬æ\x9c√ê\x04\x0e\x92\x90\x82√à\x93"\x02¬æv¬¶$fl\x9b√ç√¨¬±\x8dJ\x1e√ówU¬´√Ü\x17\x06;l√∑¬πC√â√ã)\x8e\x95√ä√´¬≥¬ª√¥\x85\x11A¬¶\x03√ç√§ib¬∂l¬∫√πZ\x0d√ä¬µ√∏¬¨-√û\x93√å√°√êp\x8c\x17N √¶√è√ç7`>√∞\x13¬™√∞[0m" 400 -
2025-05-24 21:39:37,942 - INFO - Homepage accessed
2025-05-25 03:16:49,788 - INFO - Starting Flask application
2025-05-25 03:16:49,828 - INFO - [31m[1mWARNING: This is a development server. Do not use it in a production deployment. Use a production WSGI server instead.[0m
 * Running on all addresses (0.0.0.0)
 * Running on http://127.0.0.1:5000
 * Running on http://192.168.0.8:5000
2025-05-25 03:16:49,828 - INFO - [33mPress CTRL+C to quit[0m
2025-05-25 03:16:49,829 - INFO -  * Restarting with stat
2025-05-25 03:16:50,047 - INFO - Starting Flask application
2025-05-25 03:16:50,062 - WARNING -  * Debugger is active!
2025-05-25 03:16:50,063 - INFO -  * Debugger PIN: 135-721-315
2025-05-25 03:17:19,120 - ERROR - 127.0.0.1 - - [25/May/2025 03:17:19] code 400, message Bad request version ('(√µ\x11√Æ\x87h\x82√Ä¬¥8\x98\x00\\`G√£√∞¬∞2[sR;9X)√†√ê[S¬Ø√ó\x00"\x13\x01\x13\x03\x13\x02√Ä+√Ä/√å¬©√å¬®√Ä,√Ä0√Ä')
2025-05-25 03:17:19,121 - INFO - 127.0.0.1 - - [25/May/2025 03:17:19] "[35m[1m\x16\x03\x01\x07O\x01\x00\x07K\x03\x03√é√ç\x1c√ù\x99√°\x1a>√¥\x84`h\\\x04√ß\x9c\x0d√Ä\x82)\x18√ü√©√æ\x1f√ë¬∑√∞\x8b√∏\\( (√µ\x11√Æ\x87h\x82√Ä¬¥8\x98\x00\\`G√£√∞¬∞2[sR;9X)√†√ê[S¬Ø√ó\x00"\x13\x01\x13\x03\x13\x02√Ä+√Ä/√å¬©√å¬®√Ä,√Ä0√Ä[0m" HTTPStatus.BAD_REQUEST -
2025-05-25 03:17:19,138 - ERROR - 127.0.0.1 - - [25/May/2025 03:17:19] code 400, message Bad request version ('\x87√Å¬º~B¬©\x16\x07√§√âm\x9d+¬ß√ù}√§B,\x80\x89\x00"\x13\x01\x13\x03\x13\x02√Ä+√Ä/√å¬©√å¬®√Ä,√Ä0√Ä')
2025-05-25 03:17:19,141 - INFO - 127.0.0.1 - - [25/May/2025 03:17:19] "[35m[1m\x16\x03\x01\x07O\x01\x00\x07K\x03\x03√ü_"/¬∞\x1fN\x8f√ù=]{:√ª√Ç√Ñgm√±√ù√•¬§0\x8e|6¬†g^√™T\x09 9\x98¬∫√©\x99¬∏\x06\x95r¬Ø\x0c\x87√Å¬º~B¬©\x16\x07√§√âm\x9d+¬ß√ù}√§B,\x80\x89\x00"\x13\x01\x13\x03\x13\x02√Ä+√Ä/√å¬©√å¬®√Ä,√Ä0√Ä[0m" HTTPStatus.BAD_REQUEST -
2025-05-25 03:17:19,146 - ERROR - 127.0.0.1 - - [25/May/2025 03:17:19] code 400, message Bad request syntax ('\x16\x03\x01\x02~\x01\x00\x02z\x03\x03¬µf√≠')
2025-05-25 03:17:19,146 - INFO - 127.0.0.1 - - [25/May/2025 03:17:19] "[35m[1m\x16\x03\x01\x02~\x01\x00\x02z\x03\x03¬µf√≠[0m" HTTPStatus.BAD_REQUEST -
2025-05-25 03:17:21,063 - ERROR - 127.0.0.1 - - [25/May/2025 03:17:21] code 400, message Bad request version ('\x11E\x18\x81\'Y¬¢√•KK\x9c√¶√®N¬©T)√Ñ\x04√ö¬µ√ò9w#\x99\x0fi\x8a\x8c\x00"\x13\x01\x13\x03\x13\x02√Ä+√Ä/√å¬©√å¬®√Ä,√Ä0√Ä')
2025-05-25 03:17:21,063 - INFO - 127.0.0.1 - - [25/May/2025 03:17:21] "[35m[1m\x16\x03\x01\x07O\x01\x00\x07K\x03\x03p¬ª\x8c4√ìi¬¶2ICf\x00QJ\x02f[¬´√ï\x9b@√ñ√õ#a>¬¨vvZ!\x02 √ä\x85\x11E\x18\x81'Y¬¢√•KK\x9c√¶√®N¬©T)√Ñ\x04√ö¬µ√ò9w#\x99\x0fi\x8a\x8c\x00"\x13\x01\x13\x03\x13\x02√Ä+√Ä/√å¬©√å¬®√Ä,√Ä0√Ä[0m" HTTPStatus.BAD_REQUEST -
2025-05-25 03:17:21,066 - ERROR - 127.0.0.1 - - [25/May/2025 03:17:21] code 400, message Bad request version ('U¬Æ\x14\x0f\x86√ç√â\x81t1√É√ø√ï8\x00"\x13\x01\x13\x03\x13\x02√Ä+√Ä/√å¬©√å¬®√Ä,√Ä0√Ä')
2025-05-25 03:17:21,066 - INFO - 127.0.0.1 - - [25/May/2025 03:17:21] "[35m[1m\x16\x03\x01\x02~\x01\x00\x02z\x03\x03√øQ¬≤4qO¬§¬•/\\a¬´\x8e√Ü√á'¬°\x099Yf√ªwG√º¬∏√≥¬Ω\x92<√ñc Y¬™\\\x90\x01P√¥\x99√à$\x850¬æ\x84Kr\x13\x1cU¬Æ\x14\x0f\x86√ç√â\x81t1√É√ø√ï8\x00"\x13\x01\x13\x03\x13\x02√Ä+√Ä/√å¬©√å¬®√Ä,√Ä0√Ä[0m" HTTPStatus.BAD_REQUEST -
2025-05-25 03:17:21,840 - ERROR - 127.0.0.1 - - [25/May/2025 03:17:21] code 400, message Bad request version ('\x7f¬∏√ñ8¬®FB')
2025-05-25 03:17:21,841 - INFO - 127.0.0.1 - - [25/May/2025 03:17:21] "[35m[1m\x16\x03\x01\x07O\x01\x00\x07K\x03\x03√Æ\x0e'n√¶√∏\x98√ú√£Y√ö¬Ø¬∫[\x0c√í√Ç¬¢WO√ò¬Æ√∫9\x1ebp\x9e√º√à\x19¬∞ HV}√´√ë√âa= yS\x02¬º\x17#√µ¬∑Y¬∞√ø√ó\x85\x7f¬∏√ñ8¬®FB[0m" HTTPStatus.BAD_REQUEST -
2025-05-25 03:17:21,843 - ERROR - 127.0.0.1 - - [25/May/2025 03:17:21] code 400, message Bad request version ('LLu\x0e\x00"\x13\x01\x13\x03\x13\x02√Ä+√Ä/√å¬©√å¬®√Ä,√Ä0√Ä')
2025-05-25 03:17:21,844 - INFO - 127.0.0.1 - - [25/May/2025 03:17:21] "[35m[1m\x16\x03\x01\x02~\x01\x00\x02z\x03\x03B¬±¬™~¬Ω/√íE√∞l\x80X¬∂¬∂&X√åZ√Æ\x04√©√óy√∏¬¢\x93\x14√£A\x00)\x99 \x9cM√∑u2a3xh√îT¬¨b\x18>\x96b¬º¬™¬Æ\x97n√ß√ü\x81\x14(\x0bLLu\x0e\x00"\x13\x01\x13\x03\x13\x02√Ä+√Ä/√å¬©√å¬®√Ä,√Ä0√Ä[0m" HTTPStatus.BAD_REQUEST -
2025-05-25 03:17:40,175 - ERROR - 127.0.0.1 - - [25/May/2025 03:17:40] code 400, message Bad request version ('Yt`√±B√™√§e\x8dO√ªU√Ä√é>√ß\x82√Ö!h¬Æ√Ñ\x00"\x13\x01\x13\x03\x13\x02√Ä+√Ä/√å¬©√å¬®√Ä,√Ä0√Ä')
2025-05-25 03:17:40,176 - INFO - 127.0.0.1 - - [25/May/2025 03:17:40] "[35m[1m\x16\x03\x01\x07O\x01\x00\x07K\x03\x03\x0f"√Æ+¬π/\x0b]¬ª^L\x1b√¨\x91Q¬®√∫\x81(√Ç¬¨Zk\x0ep¬©\x9bC\\GF\x16 i\x8by¬§]\x8c\x97√¥¬Ø\x0dYt`√±B√™√§e\x8dO√ªU√Ä√é>√ß\x82√Ö!h¬Æ√Ñ\x00"\x13\x01\x13\x03\x13\x02√Ä+√Ä/√å¬©√å¬®√Ä,√Ä0√Ä[0m" HTTPStatus.BAD_REQUEST -
2025-05-25 03:17:40,177 - ERROR - 127.0.0.1 - - [25/May/2025 03:17:40] code 400, message Bad request version ('\x93¬ØH¬´√πl√º4CdR√™\x7fb,\x00"\x13\x01\x13\x03\x13\x02√Ä+√Ä/√å¬©√å¬®√Ä,√Ä0√Ä')
2025-05-25 03:17:40,178 - INFO - 127.0.0.1 - - [25/May/2025 03:17:40] "[35m[1m\x16\x03\x01\x02~\x01\x00\x02z\x03\x03\x8a√Ä?¬±√ï\x1caG\x8d\x93\x170¬º\x93¬Ω\x85√ªs\x1c\x99cNs\x908\x0f!√Æ\x98\x95√£√ä √§¬§√£\x94i\x85√¶-¬∫Md\x94P√£¬†% \x93¬ØH¬´√πl√º4CdR√™\x7fb,\x00"\x13\x01\x13\x03\x13\x02√Ä+√Ä/√å¬©√å¬®√Ä,√Ä0√Ä[0m" HTTPStatus.BAD_REQUEST -
2025-05-25 03:17:44,014 - ERROR - 127.0.0.1 - - [25/May/2025 03:17:44] code 400, message Bad request version ('¬π¬¨\x9e¬¢$(\x14√å√ä\x06¬Ω√Ç\x18√ø√ÑU0/\x9b\x8b√ÄrAJ\x1a¬≥√îGVN^√£\x00"\x13\x01\x13\x03\x13\x02√Ä+√Ä/√å¬©√å¬®√Ä,√Ä0√Ä')
2025-05-25 03:17:44,015 - INFO - 127.0.0.1 - - [25/May/2025 03:17:44] "[35m[1m\x16\x03\x01\x07O\x01\x00\x07K\x03\x03_√≥√≤\x04\x82\x04√¨¬∏√æ<¬∑\x05V√ß√Ö\x91√õ√øl√∞5¬≤√è\x09√ê\x99!s\x0f√∏\x10\x85 ¬π¬¨\x9e¬¢$(\x14√å√ä\x06¬Ω√Ç\x18√ø√ÑU0/\x9b\x8b√ÄrAJ\x1a¬≥√îGVN^√£\x00"\x13\x01\x13\x03\x13\x02√Ä+√Ä/√å¬©√å¬®√Ä,√Ä0√Ä[0m" HTTPStatus.BAD_REQUEST -
2025-05-25 03:17:44,017 - ERROR - 127.0.0.1 - - [25/May/2025 03:17:44] code 400, message Bad request version ('vM¬Æz\x12√∫=a{B√åJ%√â√¶¬Æ√Ñ√ª\x06\x00"\x13\x01\x13\x03\x13\x02√Ä+√Ä/√å¬©√å¬®√Ä,√Ä0√Ä')
2025-05-25 03:17:44,017 - INFO - 127.0.0.1 - - [25/May/2025 03:17:44] "[35m[1m\x16\x03\x01\x02~\x01\x00\x02z\x03\x03Uz\x03√†¬¶Y/(\x02¬§√ª¬∂√ß√ñ√óa√å\x98√®C$\x1a√á\x8a~√õ¬§\x1d√à\x167\x0b ¬Ø),\x0c¬≤\x0b:bd\x08\x03¬π¬†vM¬Æz\x12√∫=a{B√åJ%√â√¶¬Æ√Ñ√ª\x06\x00"\x13\x01\x13\x03\x13\x02√Ä+√Ä/√å¬©√å¬®√Ä,√Ä0√Ä[0m" HTTPStatus.BAD_REQUEST -
2025-05-25 03:17:46,352 - ERROR - 127.0.0.1 - - [25/May/2025 03:17:46] code 400, message Bad request version ('1o^√§n¬≥\x89√µ√µ¬ª√ö¬¢I\x00"\x13\x01\x13\x03\x13\x02√Ä+√Ä/√å¬©√å¬®√Ä,√Ä0√Ä')
2025-05-25 03:17:46,353 - INFO - 127.0.0.1 - - [25/May/2025 03:17:46] "[35m[1m\x16\x03\x01\x07O\x01\x00\x07K\x03\x03√©D\x8a√è√∂h9\x04√Æ\x16\x1c\x8b¬¥√Ø\x13\x09\x82\x98\x86¬¨>√Ø\x86\x8aE√ñl\x00√Ü\x1f√à¬ß C\x87\x11√†√ñ>w{i\x7f\x9b&√ö√â√ú√•g√ø\x851o^√§n¬≥\x89√µ√µ¬ª√ö¬¢I\x00"\x13\x01\x13\x03\x13\x02√Ä+√Ä/√å¬©√å¬®√Ä,√Ä0√Ä[0m" HTTPStatus.BAD_REQUEST -
2025-05-25 03:17:46,356 - ERROR - 127.0.0.1 - - [25/May/2025 03:17:46] code 400, message Bad request version ('(√ô√ê√≥√ü\x00"\x13\x01\x13\x03\x13\x02√Ä+√Ä/√å¬©√å¬®√Ä,√Ä0√Ä')
2025-05-25 03:17:46,356 - INFO - 127.0.0.1 - - [25/May/2025 03:17:46] "[35m[1m\x16\x03\x01\x02~\x01\x00\x02z\x03\x03¬º\x19√ù√≠\x84\x95¬º¬µ√Å¬†\x00√∂tj6√öQ\x05a¬Æ\x87Bb√©"¬Æ\x0b\x0c¬±√∑#√¨ \x16/\x0c√π}\x12√é\x83D√§√§√öN¬∏√Æ√à\x19\x1e\x7f-¬¥√∂XAc\x11\x1c(√ô√ê√≥√ü\x00"\x13\x01\x13\x03\x13\x02√Ä+√Ä/√å¬©√å¬®√Ä,√Ä0√Ä[0m" HTTPStatus.BAD_REQUEST -
2025-05-25 03:17:46,995 - ERROR - 127.0.0.1 - - [25/May/2025 03:17:46] code 400, message Bad request syntax ('\x16\x03\x01\x07O\x01\x00\x07K\x03\x03√ï√†:√±`\x82\x1a')
2025-05-25 03:17:46,995 - INFO - 127.0.0.1 - - [25/May/2025 03:17:46] "[35m[1m\x16\x03\x01\x07O\x01\x00\x07K\x03\x03√ï√†:√±`\x82\x1a[0m" HTTPStatus.BAD_REQUEST -
2025-05-25 03:17:46,997 - ERROR - 127.0.0.1 - - [25/May/2025 03:17:46] code 400, message Bad request version ('Z√ü>√à{%\x00"\x13\x01\x13\x03\x13\x02√Ä+√Ä/√å¬©√å¬®√Ä,√Ä0√Ä')
2025-05-25 03:17:46,998 - INFO - 127.0.0.1 - - [25/May/2025 03:17:46] "[35m[1m\x16\x03\x01\x02~\x01\x00\x02z\x03\x03√è_pi\x8b\x03.¬ø\x9f√é\x9fS\x0f√ô√´O\x7f√ß¬º[N@h\x84\x07¬ÆQ\x85_\x8a¬≥¬™ )\x88√∏a√¨√Ø\x1d√ú{I√®;J#\x0e]√ú√É\x7f√ö(h√êT[\x09Z√ü>√à{%\x00"\x13\x01\x13\x03\x13\x02√Ä+√Ä/√å¬©√å¬®√Ä,√Ä0√Ä[0m" HTTPStatus.BAD_REQUEST -
2025-05-25 03:19:19,951 - ERROR - 127.0.0.1 - - [25/May/2025 03:19:19] code 400, message Bad HTTP/0.9 request type ('\x16\x03\x01\x06√†\x01\x00\x06√ú\x03\x03\x02¬π')
2025-05-25 03:19:19,952 - INFO - 127.0.0.1 - - [25/May/2025 03:19:19] "[35m[1m\x16\x03\x01\x06√†\x01\x00\x06√ú\x03\x03\x02¬π\x0cy|¬∑G√Ö\x9f1U[0m" HTTPStatus.BAD_REQUEST -
2025-05-25 03:19:19,953 - ERROR - 127.0.0.1 - - [25/May/2025 03:19:19] code 400, message Bad request version ('**\x13\x01\x13\x02\x13\x03√Ä+√Ä/√Ä,√Ä0√å¬©√å¬®√Ä\x13√Ä\x14\x00\x9c\x00\x9d\x00/\x005\x01\x00\x06S**\x00\x00\x00\x05\x00\x05\x01\x00\x00\x00\x00\x003\x04√Ø\x04√≠')
2025-05-25 03:19:19,954 - ERROR - 127.0.0.1 - - [25/May/2025 03:19:19] code 400, message Bad request version ('\x11\x8b')
2025-05-25 03:19:19,955 - INFO - 127.0.0.1 - - [25/May/2025 03:19:19] "[35m[1m\x16\x03\x01\x06√Ä\x01\x00\x06¬º\x03\x03I\x8f¬®\x81¬ß√∑√ä$¬±√çg√Ω¬ØAR\x05HC\x13√§\x95\x0e\x8dY\x92¬≤√Ñ√∑xk\x1f√ä \x96¬•√∑\x1c¬Ø\x18\x97g√†\x89\x913$¬ø3.\x94k¬≤\x0c3:√±,√¨B\x9dW√ºk√Ω¬†\x00 **\x13\x01\x13\x02\x13\x03√Ä+√Ä/√Ä,√Ä0√å¬©√å¬®√Ä\x13√Ä\x14\x00\x9c\x00\x9d\x00/\x005\x01\x00\x06S**\x00\x00\x00\x05\x00\x05\x01\x00\x00\x00\x00\x003\x04√Ø\x04√≠[0m" HTTPStatus.BAD_REQUEST -
2025-05-25 03:19:19,955 - INFO - 127.0.0.1 - - [25/May/2025 03:19:19] "[35m[1m\x16\x03\x01\x06√Ä\x01\x00\x06¬º\x03\x03\x1f\x13y¬º¬Æ\x03√†\x0cp\x8e√∞√öB\x18F|√õ√§G]√¥√æB\x08rGl√ûY√≤iU l√ã\x12\x04j,√Ü√≠^3\x96MD\x06HF√≥\x07√¢√áW√±Jg√•¬≠√í¬ª√ï√Ä¬º√∏\x00 √∫√∫\x13\x01\x13\x02\x13\x03√Ä+√Ä/√Ä,√Ä0√å¬©√å¬®√Ä\x13√Ä\x14\x00\x9c\x00\x9d\x00/\x005\x01\x00\x06S¬∫¬∫\x00\x00\x00\x0d\x00\x12\x00\x10\x04\x03\x08\x04\x04\x01\x05\x03\x08\x05\x05\x01\x08\x06\x06\x01\x00\x0b\x00\x02\x01\x00\x00\x05\x00\x05\x01\x00\x00\x00\x00\x00-\x00\x02\x01\x01D√ç\x00\x05\x00\x03\x02h2\x00\x17\x00\x00\x00\x1b\x00\x03\x02\x00\x02\x003\x04√Ø\x04√≠zz\x00\x01\x00\x11√¨\x04√Ä√°\x12\x9f\x8d\x8c((kv√òF¬•\x87\x88\x14\x86i&\x07√©A\x04!W√±*X\x8e¬¥√Å[1√ä\x88\x92\x08Ke<\x81√õ¬º3¬´\x95√º¬≤\x90√∞\x0c\x11\x8b[0m" HTTPStatus.BAD_REQUEST -
2025-05-25 03:19:19,957 - ERROR - 127.0.0.1 - - [25/May/2025 03:19:19] code 400, message Bad request version ('**\x13\x01\x13\x02\x13\x03√Ä+√Ä/√Ä,√Ä0√å¬©√å¬®√Ä\x13√Ä\x14\x00\x9c\x00\x9d\x00/\x005\x01\x00\x06S')
2025-05-25 03:19:19,957 - INFO - 127.0.0.1 - - [25/May/2025 03:19:19] "[35m[1m\x16\x03\x01\x06√Ä\x01\x00\x06¬º\x03\x03\x89%\x9e\x9ce\x1f@~\x96¬£@√≥¬´$√∂√°√Å√ô\x7f\x87\x09u\x86√∫(\x7f√©¬¢al√´¬© √¶√á√≥E\x9e√É+7√Æ\x80\x94√™s%√ö√ê√ò\x02√±/¬®s3\x96¬Ø\x0cf\x1ez\x15\x03@\x00 **\x13\x01\x13\x02\x13\x03√Ä+√Ä/√Ä,√Ä0√å¬©√å¬®√Ä\x13√Ä\x14\x00\x9c\x00\x9d\x00/\x005\x01\x00\x06S[0m" HTTPStatus.BAD_REQUEST -
2025-05-25 03:22:54,623 - INFO - Starting Flask application
2025-05-25 03:23:04,976 - INFO - Starting Flask application
2025-05-25 03:23:41,814 - INFO - Starting Flask application
2025-05-25 03:24:07,852 - INFO - Starting Flask application
2025-05-25 03:24:07,864 - INFO - [31m[1mWARNING: This is a development server. Do not use it in a production deployment. Use a production WSGI server instead.[0m
 * Running on all addresses (0.0.0.0)
 * Running on https://127.0.0.1:8443
 * Running on https://192.168.0.8:8443
2025-05-25 03:24:07,864 - INFO - [33mPress CTRL+C to quit[0m
2025-05-25 03:24:17,789 - INFO - Homepage accessed
2025-05-25 03:24:17,794 - INFO - 127.0.0.1 - - [25/May/2025 03:24:17] "GET / HTTP/1.1" 200 -
2025-05-25 03:24:17,853 - INFO - 127.0.0.1 - - [25/May/2025 03:24:17] "GET /static/style.css HTTP/1.1" 200 -
2025-05-25 03:24:17,854 - INFO - 127.0.0.1 - - [25/May/2025 03:24:17] "GET /static/script.js HTTP/1.1" 200 -
2025-05-25 03:24:18,334 - INFO - 127.0.0.1 - - [25/May/2025 03:24:18] "[33mGET /favicon.ico HTTP/1.1[0m" 404 -
2025-05-25 03:25:04,588 - INFO - Starting Flask application
2025-05-25 03:25:04,597 - INFO - [31m[1mWARNING: This is a development server. Do not use it in a production deployment. Use a production WSGI server instead.[0m
 * Running on all addresses (0.0.0.0)
 * Running on https://127.0.0.1:8443
 * Running on https://192.168.0.8:8443
2025-05-25 03:25:04,598 - INFO - [33mPress CTRL+C to quit[0m
2025-05-25 03:25:57,073 - INFO - Homepage accessed
2025-05-25 03:25:57,079 - INFO - 192.168.0.10 - - [25/May/2025 03:25:57] "GET / HTTP/1.1" 200 -
2025-05-25 03:25:57,325 - INFO - 192.168.0.10 - - [25/May/2025 03:25:57] "GET /static/style.css HTTP/1.1" 200 -
2025-05-25 03:25:57,338 - INFO - 192.168.0.10 - - [25/May/2025 03:25:57] "GET /static/script.js HTTP/1.1" 200 -
2025-05-25 03:25:57,987 - INFO - 192.168.0.10 - - [25/May/2025 03:25:57] "[33mGET /favicon.ico HTTP/1.1[0m" 404 -
2025-05-25 03:31:43,329 - INFO - Homepage accessed
2025-05-25 03:31:43,332 - INFO - 192.168.0.10 - - [25/May/2025 03:31:43] "GET / HTTP/1.1" 200 -
2025-05-25 03:31:44,834 - INFO - 192.168.0.10 - - [25/May/2025 03:31:44] "GET /static/style.css HTTP/1.1" 200 -
2025-05-25 03:31:44,853 - INFO - 192.168.0.10 - - [25/May/2025 03:31:44] "GET /static/script.js HTTP/1.1" 200 -
2025-05-25 03:31:56,081 - INFO - Received image upload request
2025-05-25 03:31:56,133 - INFO - Successfully decoded base64 image
2025-05-25 03:31:56,133 - INFO - Sending image to OCR endpoint
2025-05-25 03:31:57,946 - INFO - OCR text extracted: }
}
addMessage('Error: + err.m
// ...existing code...
3. To run the Flask app with proper SSL suppor...
2025-05-25 03:31:57,947 - INFO - Sending OCR text to answer endpoint
2025-05-25 03:31:58,615 - ERROR - Answer processing failed with status code: 404
2025-05-25 03:31:58,618 - INFO - 192.168.0.10 - - [25/May/2025 03:31:58] "[35m[1mPOST /upload_image HTTP/1.1[0m" 500 -
2025-05-25 03:33:33,630 - INFO - Received image upload request
2025-05-25 03:33:33,669 - INFO - Successfully decoded base64 image
2025-05-25 03:33:33,671 - INFO - Sending image to OCR endpoint
2025-05-25 03:33:35,489 - INFO - OCR text extracted: What is a correct way to declare a Python variable?
var x = 5
#X = 5
$x = 5
‚Ä¢ x = 5
Submit Answer >>...
2025-05-25 03:33:35,490 - INFO - Sending OCR text to answer endpoint
2025-05-25 03:33:37,127 - INFO - Answer received: x = 10...
2025-05-25 03:33:37,131 - INFO - 192.168.0.10 - - [25/May/2025 03:33:37] "POST /upload_image HTTP/1.1" 200 -
2025-05-25 07:13:12,229 - INFO - Starting Flask application
2025-05-25 07:13:12,235 - INFO - [31m[1mWARNING: This is a development server. Do not use it in a production deployment. Use a production WSGI server instead.[0m
 * Running on http://127.0.0.1:5000
2025-05-25 07:13:12,235 - INFO - [33mPress CTRL+C to quit[0m
2025-05-25 07:13:24,401 - INFO - Homepage accessed
2025-05-25 07:13:24,417 - INFO - 127.0.0.1 - - [25/May/2025 07:13:24] "GET / HTTP/1.1" 200 -
2025-05-25 07:13:24,478 - INFO - 127.0.0.1 - - [25/May/2025 07:13:24] "GET /static/style.css HTTP/1.1" 200 -
2025-05-25 07:13:24,971 - INFO - 127.0.0.1 - - [25/May/2025 07:13:24] "GET /static/script.js HTTP/1.1" 200 -
2025-05-25 07:13:25,023 - INFO - 127.0.0.1 - - [25/May/2025 07:13:25] "[33mGET /favicon.ico HTTP/1.1[0m" 404 -
2025-05-25 07:13:31,905 - INFO - Received image upload request
2025-05-25 07:13:31,910 - INFO - Successfully decoded base64 image
2025-05-25 07:13:31,911 - INFO - Sending image and optional text to /api/v1/answer/ endpoint
2025-05-25 07:13:35,857 - INFO - Answer received: I'm sorry, but the image provided does not contain an academic question. Please provide an image wit...
2025-05-25 07:13:35,860 - INFO - 127.0.0.1 - - [25/May/2025 07:13:35] "POST /upload_image HTTP/1.1" 200 -
2025-05-25 07:13:51,965 - INFO - Received image upload request
2025-05-25 07:13:51,968 - INFO - Successfully decoded base64 image
2025-05-25 07:13:51,969 - INFO - Sending image and optional text to /api/v1/answer/ endpoint
2025-05-25 07:13:56,234 - INFO - Answer received: The image provided does not contain an academic question. Please provide an image with a question fo...
2025-05-25 07:13:56,237 - INFO - 127.0.0.1 - - [25/May/2025 07:13:56] "POST /upload_image HTTP/1.1" 200 -
2025-05-25 07:15:18,550 - INFO - Homepage accessed
2025-05-25 07:15:18,553 - INFO - 127.0.0.1 - - [25/May/2025 07:15:18] "GET / HTTP/1.1" 200 -
2025-05-25 07:15:18,599 - INFO - 127.0.0.1 - - [25/May/2025 07:15:18] "GET /static/style.css HTTP/1.1" 200 -
2025-05-25 07:15:18,685 - INFO - 127.0.0.1 - - [25/May/2025 07:15:18] "GET /static/script.js HTTP/1.1" 200 -
2025-05-25 07:15:18,700 - INFO - 127.0.0.1 - - [25/May/2025 07:15:18] "[33mGET /favicon.ico HTTP/1.1[0m" 404 -
2025-05-25 07:15:53,042 - INFO - Starting Flask application
2025-05-25 07:15:53,049 - INFO - [31m[1mWARNING: This is a development server. Do not use it in a production deployment. Use a production WSGI server instead.[0m
 * Running on http://127.0.0.1:5000
2025-05-25 07:15:53,049 - INFO - [33mPress CTRL+C to quit[0m
2025-05-25 07:15:59,588 - INFO - Homepage accessed
2025-05-25 07:15:59,607 - INFO - 127.0.0.1 - - [25/May/2025 07:15:59] "GET / HTTP/1.1" 200 -
2025-05-25 07:15:59,651 - INFO - 127.0.0.1 - - [25/May/2025 07:15:59] "GET /static/style.css HTTP/1.1" 200 -
2025-05-25 07:15:59,697 - INFO - 127.0.0.1 - - [25/May/2025 07:15:59] "GET /static/script.js HTTP/1.1" 200 -
2025-05-25 07:15:59,708 - INFO - 127.0.0.1 - - [25/May/2025 07:15:59] "[33mGET /favicon.ico HTTP/1.1[0m" 404 -
2025-05-25 07:16:19,474 - INFO - Received image upload request
2025-05-25 07:16:19,479 - INFO - Successfully decoded base64 image
2025-05-25 07:16:19,480 - INFO - Sending image and optional text to /api/v1/answer/ endpoint
2025-05-25 07:16:21,248 - INFO - Received image upload request
2025-05-25 07:16:21,253 - INFO - Successfully decoded base64 image
2025-05-25 07:16:21,254 - INFO - Sending image and optional text to /api/v1/answer/ endpoint
2025-05-25 07:16:22,356 - INFO - Received image upload request
2025-05-25 07:16:22,361 - INFO - Successfully decoded base64 image
2025-05-25 07:16:22,361 - INFO - Sending image and optional text to /api/v1/answer/ endpoint
2025-05-25 07:16:22,872 - INFO - Answer received: The image shows a person....
2025-05-25 07:16:22,875 - INFO - 127.0.0.1 - - [25/May/2025 07:16:22] "POST /upload_image HTTP/1.1" 200 -
2025-05-25 07:16:50,726 - INFO - Answer received: A person wearing glasses....
2025-05-25 07:16:50,729 - INFO - 127.0.0.1 - - [25/May/2025 07:16:50] "POST /upload_image HTTP/1.1" 200 -
2025-05-25 07:16:55,867 - INFO - 127.0.0.1 - - [25/May/2025 07:16:55] "[36mGET /static/style.css HTTP/1.1[0m" 304 -
2025-05-25 07:16:55,886 - INFO - 127.0.0.1 - - [25/May/2025 07:16:55] "[33mGET /.well-known/appspecific/com.chrome.devtools.json HTTP/1.1[0m" 404 -
2025-05-25 07:17:17,137 - INFO - Answer received: I am unable to identify the person in the image....
2025-05-25 07:17:17,139 - INFO - 127.0.0.1 - - [25/May/2025 07:17:17] "POST /upload_image HTTP/1.1" 200 -
